The target system is: Buildroot -  - mipsel
The host system is: Linux - 4.9.0-6-amd64 - x86_64
Compiling the C compiler identification source file "CMakeCCompilerId.c" succeeded.
Compiler: /opt/rs97/bin/mipsel-rs97-linux-uclibc-gcc 
Build flags: -D_LARGEFILE_SOURCE;-D_LARGEFILE64_SOURCE;-D_FILE_OFFSET_BITS=64;-Os
Id flags:  

The output was:
0


Compilation of the C compiler identification source "CMakeCCompilerId.c" produced "a.out"

The C compiler identification is GNU, found in "/home/steward/Data/Github/rs97_src/cdogs/gcw0build/CMakeFiles/3.8.2/CompilerIdC/a.out"

Determining if the C compiler works passed with the following output:
Change Dir: /home/steward/Data/Github/rs97_src/cdogs/gcw0build/CMakeFiles/CMakeTmp

Run Build Command:"/usr/bin/make" "cmTC_796f3/fast"
/usr/bin/make -f CMakeFiles/cmTC_796f3.dir/build.make CMakeFiles/cmTC_796f3.dir/build
make[1]: Entering directory '/home/steward/Data/Github/rs97_src/cdogs/gcw0build/CMakeFiles/CMakeTmp'
Building C object CMakeFiles/cmTC_796f3.dir/testCCompiler.c.o
/opt/rs97/bin/mipsel-rs97-linux-uclibc-gcc --sysroot=/opt/rs97/mipsel-rs97-linux-uclibc/sysroot   -D_LARGEFILE_SOURCE -D_LARGEFILE64_SOURCE -D_FILE_OFFSET_BITS=64 -Os   -DNDEBUG   -o CMakeFiles/cmTC_796f3.dir/testCCompiler.c.o   -c /home/steward/Data/Github/rs97_src/cdogs/gcw0build/CMakeFiles/CMakeTmp/testCCompiler.c
Linking C executable cmTC_796f3
/opt/rs97/bin/cmake -E cmake_link_script CMakeFiles/cmTC_796f3.dir/link.txt --verbose=1
/opt/rs97/bin/mipsel-rs97-linux-uclibc-gcc --sysroot=/opt/rs97/mipsel-rs97-linux-uclibc/sysroot -D_LARGEFILE_SOURCE -D_LARGEFILE64_SOURCE -D_FILE_OFFSET_BITS=64 -Os   -DNDEBUG    -rdynamic CMakeFiles/cmTC_796f3.dir/testCCompiler.c.o  -o cmTC_796f3 
make[1]: Leaving directory '/home/steward/Data/Github/rs97_src/cdogs/gcw0build/CMakeFiles/CMakeTmp'


Detecting C compiler ABI info compiled with the following output:
Change Dir: /home/steward/Data/Github/rs97_src/cdogs/gcw0build/CMakeFiles/CMakeTmp

Run Build Command:"/usr/bin/make" "cmTC_07f00/fast"
/usr/bin/make -f CMakeFiles/cmTC_07f00.dir/build.make CMakeFiles/cmTC_07f00.dir/build
make[1]: Entering directory '/home/steward/Data/Github/rs97_src/cdogs/gcw0build/CMakeFiles/CMakeTmp'
Building C object CMakeFiles/cmTC_07f00.dir/CMakeCCompilerABI.c.o
/opt/rs97/bin/mipsel-rs97-linux-uclibc-gcc --sysroot=/opt/rs97/mipsel-rs97-linux-uclibc/sysroot   -D_LARGEFILE_SOURCE -D_LARGEFILE64_SOURCE -D_FILE_OFFSET_BITS=64 -Os   -DNDEBUG   -o CMakeFiles/cmTC_07f00.dir/CMakeCCompilerABI.c.o   -c /opt/rs97/share/cmake-3.8/Modules/CMakeCCompilerABI.c
Linking C executable cmTC_07f00
/opt/rs97/bin/cmake -E cmake_link_script CMakeFiles/cmTC_07f00.dir/link.txt --verbose=1
/opt/rs97/bin/mipsel-rs97-linux-uclibc-gcc --sysroot=/opt/rs97/mipsel-rs97-linux-uclibc/sysroot -D_LARGEFILE_SOURCE -D_LARGEFILE64_SOURCE -D_FILE_OFFSET_BITS=64 -Os   -DNDEBUG   -v -rdynamic CMakeFiles/cmTC_07f00.dir/CMakeCCompilerABI.c.o  -o cmTC_07f00 
Using built-in specs.
COLLECT_GCC=/opt/rs97/bin/mipsel-rs97-linux-uclibc-gcc.br_real
COLLECT_LTO_WRAPPER=/opt/rs97/libexec/gcc/mipsel-rs97-linux-uclibc/7.3.0/lto-wrapper
Target: mipsel-rs97-linux-uclibc
Configured with: ./configure --prefix=/opt/rs97 --sysconfdir=/opt/rs97/etc --enable-static --target=mipsel-rs97-linux-uclibc --with-sysroot=/opt/rs97/mipsel-rs97-linux-uclibc/sysroot --disable-__cxa_atexit --with-gnu-ld --disable-libssp --disable-multilib --with-gmp=/opt/rs97 --with-mpc=/opt/rs97 --with-mpfr=/opt/rs97 --with-pkgversion='Buildroot 2018.02.9' --with-bugurl=http://bugs.buildroot.net/ --disable-libquadmath --disable-libsanitizer --enable-tls --enable-plugins --enable-lto --disable-libmudflap --enable-threads --without-isl --without-cloog --with-float=soft --disable-decimal-float --with-arch=mips32 --with-abi=32 --with-nan=legacy --enable-languages=c,c++ --with-build-time-tools=/opt/rs97/mipsel-rs97-linux-uclibc/bin --enable-shared --disable-libgomp
Thread model: posix
gcc version 7.3.0 (Buildroot 2018.02.9) 
COMPILER_PATH=/opt/rs97/libexec/gcc/mipsel-rs97-linux-uclibc/7.3.0/:/opt/rs97/libexec/gcc/mipsel-rs97-linux-uclibc/7.3.0/:/opt/rs97/libexec/gcc/mipsel-rs97-linux-uclibc/:/opt/rs97/lib/gcc/mipsel-rs97-linux-uclibc/7.3.0/:/opt/rs97/lib/gcc/mipsel-rs97-linux-uclibc/:/opt/rs97/lib/gcc/mipsel-rs97-linux-uclibc/7.3.0/../../../../mipsel-rs97-linux-uclibc/bin/
LIBRARY_PATH=/opt/rs97/lib/gcc/mipsel-rs97-linux-uclibc/7.3.0/:/opt/rs97/lib/gcc/mipsel-rs97-linux-uclibc/7.3.0/../../../../mipsel-rs97-linux-uclibc/lib/:/opt/rs97/mipsel-rs97-linux-uclibc/sysroot/lib/:/opt/rs97/mipsel-rs97-linux-uclibc/sysroot/usr/lib/
COLLECT_GCC_OPTIONS='-D' '_LARGEFILE_SOURCE' '-D' '_LARGEFILE64_SOURCE' '-D' '_FILE_OFFSET_BITS=64' '-Os' '-D' 'NDEBUG' '-v' '-rdynamic' '-o' 'cmTC_07f00' '-march=mips32' '-mabi=32' '-msoft-float' '-mnan=legacy' '-mllsc' '-mips32' '-mno-shared' '-EL'
 /opt/rs97/libexec/gcc/mipsel-rs97-linux-uclibc/7.3.0/collect2 -plugin /opt/rs97/libexec/gcc/mipsel-rs97-linux-uclibc/7.3.0/liblto_plugin.so -plugin-opt=/opt/rs97/libexec/gcc/mipsel-rs97-linux-uclibc/7.3.0/lto-wrapper -plugin-opt=-fresolution=/tmp/ccfZeTq9.res -plugin-opt=-pass-through=-lgcc -plugin-opt=-pass-through=-lgcc_s -plugin-opt=-pass-through=-lc -plugin-opt=-pass-through=-lgcc -plugin-opt=-pass-through=-lgcc_s --sysroot=/opt/rs97/mipsel-rs97-linux-uclibc/sysroot --eh-frame-hdr -EL -mips32 -export-dynamic -dynamic-linker /lib/ld-uClibc.so.0 -melf32ltsmip -o cmTC_07f00 /opt/rs97/mipsel-rs97-linux-uclibc/sysroot/usr/lib/crt1.o /opt/rs97/mipsel-rs97-linux-uclibc/sysroot/usr/lib/crti.o /opt/rs97/lib/gcc/mipsel-rs97-linux-uclibc/7.3.0/crtbegin.o -L/opt/rs97/lib/gcc/mipsel-rs97-linux-uclibc/7.3.0 -L/opt/rs97/lib/gcc/mipsel-rs97-linux-uclibc/7.3.0/../../../../mipsel-rs97-linux-uclibc/lib -L/opt/rs97/mipsel-rs97-linux-uclibc/sysroot/lib -L/opt/rs97/mipsel-rs97-linux-uclibc/sysroot/usr/lib CMakeFiles/cmTC_07f00.dir/CMakeCCompilerABI.c.o -lgcc --as-needed -lgcc_s --no-as-needed -lc -lgcc --as-needed -lgcc_s --no-as-needed /opt/rs97/lib/gcc/mipsel-rs97-linux-uclibc/7.3.0/crtend.o /opt/rs97/mipsel-rs97-linux-uclibc/sysroot/usr/lib/crtn.o
COLLECT_GCC_OPTIONS='-D' '_LARGEFILE_SOURCE' '-D' '_LARGEFILE64_SOURCE' '-D' '_FILE_OFFSET_BITS=64' '-Os' '-D' 'NDEBUG' '-v' '-rdynamic' '-o' 'cmTC_07f00' '-march=mips32' '-mabi=32' '-msoft-float' '-mnan=legacy' '-mllsc' '-mips32' '-mno-shared' '-EL'
make[1]: Leaving directory '/home/steward/Data/Github/rs97_src/cdogs/gcw0build/CMakeFiles/CMakeTmp'


Parsed C implicit link information from above output:
  link line regex: [^( *|.*[/\])(mipsel-rs97-linux-uclibc-ld|([^/\]+-)?ld|collect2)[^/\]*( |$)]
  ignore line: [Change Dir: /home/steward/Data/Github/rs97_src/cdogs/gcw0build/CMakeFiles/CMakeTmp]
  ignore line: []
  ignore line: [Run Build Command:"/usr/bin/make" "cmTC_07f00/fast"]
  ignore line: [/usr/bin/make -f CMakeFiles/cmTC_07f00.dir/build.make CMakeFiles/cmTC_07f00.dir/build]
  ignore line: [make[1]: Entering directory '/home/steward/Data/Github/rs97_src/cdogs/gcw0build/CMakeFiles/CMakeTmp']
  ignore line: [Building C object CMakeFiles/cmTC_07f00.dir/CMakeCCompilerABI.c.o]
  ignore line: [/opt/rs97/bin/mipsel-rs97-linux-uclibc-gcc --sysroot=/opt/rs97/mipsel-rs97-linux-uclibc/sysroot   -D_LARGEFILE_SOURCE -D_LARGEFILE64_SOURCE -D_FILE_OFFSET_BITS=64 -Os   -DNDEBUG   -o CMakeFiles/cmTC_07f00.dir/CMakeCCompilerABI.c.o   -c /opt/rs97/share/cmake-3.8/Modules/CMakeCCompilerABI.c]
  ignore line: [Linking C executable cmTC_07f00]
  ignore line: [/opt/rs97/bin/cmake -E cmake_link_script CMakeFiles/cmTC_07f00.dir/link.txt --verbose=1]
  ignore line: [/opt/rs97/bin/mipsel-rs97-linux-uclibc-gcc --sysroot=/opt/rs97/mipsel-rs97-linux-uclibc/sysroot -D_LARGEFILE_SOURCE -D_LARGEFILE64_SOURCE -D_FILE_OFFSET_BITS=64 -Os   -DNDEBUG   -v -rdynamic CMakeFiles/cmTC_07f00.dir/CMakeCCompilerABI.c.o  -o cmTC_07f00 ]
  ignore line: [Using built-in specs.]
  ignore line: [COLLECT_GCC=/opt/rs97/bin/mipsel-rs97-linux-uclibc-gcc.br_real]
  ignore line: [COLLECT_LTO_WRAPPER=/opt/rs97/libexec/gcc/mipsel-rs97-linux-uclibc/7.3.0/lto-wrapper]
  ignore line: [Target: mipsel-rs97-linux-uclibc]
  ignore line: [Configured with: ./configure --prefix=/opt/rs97 --sysconfdir=/opt/rs97/etc --enable-static --target=mipsel-rs97-linux-uclibc --with-sysroot=/opt/rs97/mipsel-rs97-linux-uclibc/sysroot --disable-__cxa_atexit --with-gnu-ld --disable-libssp --disable-multilib --with-gmp=/opt/rs97 --with-mpc=/opt/rs97 --with-mpfr=/opt/rs97 --with-pkgversion='Buildroot 2018.02.9' --with-bugurl=http://bugs.buildroot.net/ --disable-libquadmath --disable-libsanitizer --enable-tls --enable-plugins --enable-lto --disable-libmudflap --enable-threads --without-isl --without-cloog --with-float=soft --disable-decimal-float --with-arch=mips32 --with-abi=32 --with-nan=legacy --enable-languages=c,c++ --with-build-time-tools=/opt/rs97/mipsel-rs97-linux-uclibc/bin --enable-shared --disable-libgomp]
  ignore line: [Thread model: posix]
  ignore line: [gcc version 7.3.0 (Buildroot 2018.02.9) ]
  ignore line: [COMPILER_PATH=/opt/rs97/libexec/gcc/mipsel-rs97-linux-uclibc/7.3.0/:/opt/rs97/libexec/gcc/mipsel-rs97-linux-uclibc/7.3.0/:/opt/rs97/libexec/gcc/mipsel-rs97-linux-uclibc/:/opt/rs97/lib/gcc/mipsel-rs97-linux-uclibc/7.3.0/:/opt/rs97/lib/gcc/mipsel-rs97-linux-uclibc/:/opt/rs97/lib/gcc/mipsel-rs97-linux-uclibc/7.3.0/../../../../mipsel-rs97-linux-uclibc/bin/]
  ignore line: [LIBRARY_PATH=/opt/rs97/lib/gcc/mipsel-rs97-linux-uclibc/7.3.0/:/opt/rs97/lib/gcc/mipsel-rs97-linux-uclibc/7.3.0/../../../../mipsel-rs97-linux-uclibc/lib/:/opt/rs97/mipsel-rs97-linux-uclibc/sysroot/lib/:/opt/rs97/mipsel-rs97-linux-uclibc/sysroot/usr/lib/]
  ignore line: [COLLECT_GCC_OPTIONS='-D' '_LARGEFILE_SOURCE' '-D' '_LARGEFILE64_SOURCE' '-D' '_FILE_OFFSET_BITS=64' '-Os' '-D' 'NDEBUG' '-v' '-rdynamic' '-o' 'cmTC_07f00' '-march=mips32' '-mabi=32' '-msoft-float' '-mnan=legacy' '-mllsc' '-mips32' '-mno-shared' '-EL']
  link line: [ /opt/rs97/libexec/gcc/mipsel-rs97-linux-uclibc/7.3.0/collect2 -plugin /opt/rs97/libexec/gcc/mipsel-rs97-linux-uclibc/7.3.0/liblto_plugin.so -plugin-opt=/opt/rs97/libexec/gcc/mipsel-rs97-linux-uclibc/7.3.0/lto-wrapper -plugin-opt=-fresolution=/tmp/ccfZeTq9.res -plugin-opt=-pass-through=-lgcc -plugin-opt=-pass-through=-lgcc_s -plugin-opt=-pass-through=-lc -plugin-opt=-pass-through=-lgcc -plugin-opt=-pass-through=-lgcc_s --sysroot=/opt/rs97/mipsel-rs97-linux-uclibc/sysroot --eh-frame-hdr -EL -mips32 -export-dynamic -dynamic-linker /lib/ld-uClibc.so.0 -melf32ltsmip -o cmTC_07f00 /opt/rs97/mipsel-rs97-linux-uclibc/sysroot/usr/lib/crt1.o /opt/rs97/mipsel-rs97-linux-uclibc/sysroot/usr/lib/crti.o /opt/rs97/lib/gcc/mipsel-rs97-linux-uclibc/7.3.0/crtbegin.o -L/opt/rs97/lib/gcc/mipsel-rs97-linux-uclibc/7.3.0 -L/opt/rs97/lib/gcc/mipsel-rs97-linux-uclibc/7.3.0/../../../../mipsel-rs97-linux-uclibc/lib -L/opt/rs97/mipsel-rs97-linux-uclibc/sysroot/lib -L/opt/rs97/mipsel-rs97-linux-uclibc/sysroot/usr/lib CMakeFiles/cmTC_07f00.dir/CMakeCCompilerABI.c.o -lgcc --as-needed -lgcc_s --no-as-needed -lc -lgcc --as-needed -lgcc_s --no-as-needed /opt/rs97/lib/gcc/mipsel-rs97-linux-uclibc/7.3.0/crtend.o /opt/rs97/mipsel-rs97-linux-uclibc/sysroot/usr/lib/crtn.o]
    arg [/opt/rs97/libexec/gcc/mipsel-rs97-linux-uclibc/7.3.0/collect2] ==> ignore
    arg [-plugin] ==> ignore
    arg [/opt/rs97/libexec/gcc/mipsel-rs97-linux-uclibc/7.3.0/liblto_plugin.so] ==> ignore
    arg [-plugin-opt=/opt/rs97/libexec/gcc/mipsel-rs97-linux-uclibc/7.3.0/lto-wrapper] ==> ignore
    arg [-plugin-opt=-fresolution=/tmp/ccfZeTq9.res] ==> ignore
    arg [-plugin-opt=-pass-through=-lgcc] ==> ignore
    arg [-plugin-opt=-pass-through=-lgcc_s] ==> ignore
    arg [-plugin-opt=-pass-through=-lc] ==> ignore
    arg [-plugin-opt=-pass-through=-lgcc] ==> ignore
    arg [-plugin-opt=-pass-through=-lgcc_s] ==> ignore
    arg [--sysroot=/opt/rs97/mipsel-rs97-linux-uclibc/sysroot] ==> ignore
    arg [--eh-frame-hdr] ==> ignore
    arg [-EL] ==> ignore
    arg [-mips32] ==> ignore
    arg [-export-dynamic] ==> ignore
    arg [-dynamic-linker] ==> ignore
    arg [/lib/ld-uClibc.so.0] ==> ignore
    arg [-melf32ltsmip] ==> ignore
    arg [-o] ==> ignore
    arg [cmTC_07f00] ==> ignore
    arg [/opt/rs97/mipsel-rs97-linux-uclibc/sysroot/usr/lib/crt1.o] ==> ignore
    arg [/opt/rs97/mipsel-rs97-linux-uclibc/sysroot/usr/lib/crti.o] ==> ignore
    arg [/opt/rs97/lib/gcc/mipsel-rs97-linux-uclibc/7.3.0/crtbegin.o] ==> ignore
    arg [-L/opt/rs97/lib/gcc/mipsel-rs97-linux-uclibc/7.3.0] ==> dir [/opt/rs97/lib/gcc/mipsel-rs97-linux-uclibc/7.3.0]
    arg [-L/opt/rs97/lib/gcc/mipsel-rs97-linux-uclibc/7.3.0/../../../../mipsel-rs97-linux-uclibc/lib] ==> dir [/opt/rs97/lib/gcc/mipsel-rs97-linux-uclibc/7.3.0/../../../../mipsel-rs97-linux-uclibc/lib]
    arg [-L/opt/rs97/mipsel-rs97-linux-uclibc/sysroot/lib] ==> dir [/opt/rs97/mipsel-rs97-linux-uclibc/sysroot/lib]
    arg [-L/opt/rs97/mipsel-rs97-linux-uclibc/sysroot/usr/lib] ==> dir [/opt/rs97/mipsel-rs97-linux-uclibc/sysroot/usr/lib]
    arg [CMakeFiles/cmTC_07f00.dir/CMakeCCompilerABI.c.o] ==> ignore
    arg [-lgcc] ==> lib [gcc]
    arg [--as-needed] ==> ignore
    arg [-lgcc_s] ==> lib [gcc_s]
    arg [--no-as-needed] ==> ignore
    arg [-lc] ==> lib [c]
    arg [-lgcc] ==> lib [gcc]
    arg [--as-needed] ==> ignore
    arg [-lgcc_s] ==> lib [gcc_s]
    arg [--no-as-needed] ==> ignore
    arg [/opt/rs97/lib/gcc/mipsel-rs97-linux-uclibc/7.3.0/crtend.o] ==> ignore
    arg [/opt/rs97/mipsel-rs97-linux-uclibc/sysroot/usr/lib/crtn.o] ==> ignore
  remove lib [gcc]
  remove lib [gcc_s]
  remove lib [gcc]
  remove lib [gcc_s]
  collapse library dir [/opt/rs97/lib/gcc/mipsel-rs97-linux-uclibc/7.3.0] ==> [/opt/rs97/lib/gcc/mipsel-rs97-linux-uclibc/7.3.0]
  collapse library dir [/opt/rs97/lib/gcc/mipsel-rs97-linux-uclibc/7.3.0/../../../../mipsel-rs97-linux-uclibc/lib] ==> [/opt/rs97/mipsel-rs97-linux-uclibc/lib]
  collapse library dir [/opt/rs97/mipsel-rs97-linux-uclibc/sysroot/lib] ==> [/opt/rs97/mipsel-rs97-linux-uclibc/sysroot/lib]
  collapse library dir [/opt/rs97/mipsel-rs97-linux-uclibc/sysroot/usr/lib] ==> [/opt/rs97/mipsel-rs97-linux-uclibc/sysroot/usr/lib]
  implicit libs: [c]
  implicit dirs: [/opt/rs97/lib/gcc/mipsel-rs97-linux-uclibc/7.3.0;/opt/rs97/mipsel-rs97-linux-uclibc/lib;/opt/rs97/mipsel-rs97-linux-uclibc/sysroot/lib;/opt/rs97/mipsel-rs97-linux-uclibc/sysroot/usr/lib]
  implicit fwks: []




Detecting C [-std=c11] compiler features compiled with the following output:
Change Dir: /home/steward/Data/Github/rs97_src/cdogs/gcw0build/CMakeFiles/CMakeTmp

Run Build Command:"/usr/bin/make" "cmTC_667fa/fast"
/usr/bin/make -f CMakeFiles/cmTC_667fa.dir/build.make CMakeFiles/cmTC_667fa.dir/build
make[1]: Entering directory '/home/steward/Data/Github/rs97_src/cdogs/gcw0build/CMakeFiles/CMakeTmp'
Building C object CMakeFiles/cmTC_667fa.dir/feature_tests.c.o
/opt/rs97/bin/mipsel-rs97-linux-uclibc-gcc --sysroot=/opt/rs97/mipsel-rs97-linux-uclibc/sysroot   -D_LARGEFILE_SOURCE -D_LARGEFILE64_SOURCE -D_FILE_OFFSET_BITS=64 -Os   -DNDEBUG   -std=c11 -o CMakeFiles/cmTC_667fa.dir/feature_tests.c.o   -c /home/steward/Data/Github/rs97_src/cdogs/gcw0build/CMakeFiles/feature_tests.c
Linking C executable cmTC_667fa
/opt/rs97/bin/cmake -E cmake_link_script CMakeFiles/cmTC_667fa.dir/link.txt --verbose=1
/opt/rs97/bin/mipsel-rs97-linux-uclibc-gcc --sysroot=/opt/rs97/mipsel-rs97-linux-uclibc/sysroot -D_LARGEFILE_SOURCE -D_LARGEFILE64_SOURCE -D_FILE_OFFSET_BITS=64 -Os   -DNDEBUG    -rdynamic CMakeFiles/cmTC_667fa.dir/feature_tests.c.o  -o cmTC_667fa 
make[1]: Leaving directory '/home/steward/Data/Github/rs97_src/cdogs/gcw0build/CMakeFiles/CMakeTmp'


    Feature record: C_FEATURE:1c_function_prototypes
    Feature record: C_FEATURE:1c_restrict
    Feature record: C_FEATURE:1c_static_assert
    Feature record: C_FEATURE:1c_variadic_macros


Detecting C [-std=c99] compiler features compiled with the following output:
Change Dir: /home/steward/Data/Github/rs97_src/cdogs/gcw0build/CMakeFiles/CMakeTmp

Run Build Command:"/usr/bin/make" "cmTC_be8d1/fast"
/usr/bin/make -f CMakeFiles/cmTC_be8d1.dir/build.make CMakeFiles/cmTC_be8d1.dir/build
make[1]: Entering directory '/home/steward/Data/Github/rs97_src/cdogs/gcw0build/CMakeFiles/CMakeTmp'
Building C object CMakeFiles/cmTC_be8d1.dir/feature_tests.c.o
/opt/rs97/bin/mipsel-rs97-linux-uclibc-gcc --sysroot=/opt/rs97/mipsel-rs97-linux-uclibc/sysroot   -D_LARGEFILE_SOURCE -D_LARGEFILE64_SOURCE -D_FILE_OFFSET_BITS=64 -Os   -DNDEBUG   -std=c99 -o CMakeFiles/cmTC_be8d1.dir/feature_tests.c.o   -c /home/steward/Data/Github/rs97_src/cdogs/gcw0build/CMakeFiles/feature_tests.c
Linking C executable cmTC_be8d1
/opt/rs97/bin/cmake -E cmake_link_script CMakeFiles/cmTC_be8d1.dir/link.txt --verbose=1
/opt/rs97/bin/mipsel-rs97-linux-uclibc-gcc --sysroot=/opt/rs97/mipsel-rs97-linux-uclibc/sysroot -D_LARGEFILE_SOURCE -D_LARGEFILE64_SOURCE -D_FILE_OFFSET_BITS=64 -Os   -DNDEBUG    -rdynamic CMakeFiles/cmTC_be8d1.dir/feature_tests.c.o  -o cmTC_be8d1 
make[1]: Leaving directory '/home/steward/Data/Github/rs97_src/cdogs/gcw0build/CMakeFiles/CMakeTmp'


    Feature record: C_FEATURE:1c_function_prototypes
    Feature record: C_FEATURE:1c_restrict
    Feature record: C_FEATURE:0c_static_assert
    Feature record: C_FEATURE:1c_variadic_macros


Detecting C [-std=c90] compiler features compiled with the following output:
Change Dir: /home/steward/Data/Github/rs97_src/cdogs/gcw0build/CMakeFiles/CMakeTmp

Run Build Command:"/usr/bin/make" "cmTC_43f27/fast"
/usr/bin/make -f CMakeFiles/cmTC_43f27.dir/build.make CMakeFiles/cmTC_43f27.dir/build
make[1]: Entering directory '/home/steward/Data/Github/rs97_src/cdogs/gcw0build/CMakeFiles/CMakeTmp'
Building C object CMakeFiles/cmTC_43f27.dir/feature_tests.c.o
/opt/rs97/bin/mipsel-rs97-linux-uclibc-gcc --sysroot=/opt/rs97/mipsel-rs97-linux-uclibc/sysroot   -D_LARGEFILE_SOURCE -D_LARGEFILE64_SOURCE -D_FILE_OFFSET_BITS=64 -Os   -DNDEBUG   -std=c90 -o CMakeFiles/cmTC_43f27.dir/feature_tests.c.o   -c /home/steward/Data/Github/rs97_src/cdogs/gcw0build/CMakeFiles/feature_tests.c
Linking C executable cmTC_43f27
/opt/rs97/bin/cmake -E cmake_link_script CMakeFiles/cmTC_43f27.dir/link.txt --verbose=1
/opt/rs97/bin/mipsel-rs97-linux-uclibc-gcc --sysroot=/opt/rs97/mipsel-rs97-linux-uclibc/sysroot -D_LARGEFILE_SOURCE -D_LARGEFILE64_SOURCE -D_FILE_OFFSET_BITS=64 -Os   -DNDEBUG    -rdynamic CMakeFiles/cmTC_43f27.dir/feature_tests.c.o  -o cmTC_43f27 
make[1]: Leaving directory '/home/steward/Data/Github/rs97_src/cdogs/gcw0build/CMakeFiles/CMakeTmp'


    Feature record: C_FEATURE:1c_function_prototypes
    Feature record: C_FEATURE:0c_restrict
    Feature record: C_FEATURE:0c_static_assert
    Feature record: C_FEATURE:0c_variadic_macros
Determining if the include file pthread.h exists passed with the following output:
Change Dir: /home/steward/Data/Github/rs97_src/cdogs/gcw0build/CMakeFiles/CMakeTmp

Run Build Command:"/usr/bin/make" "cmTC_d58fa/fast"
/usr/bin/make -f CMakeFiles/cmTC_d58fa.dir/build.make CMakeFiles/cmTC_d58fa.dir/build
make[1]: Entering directory '/home/steward/Data/Github/rs97_src/cdogs/gcw0build/CMakeFiles/CMakeTmp'
Building C object CMakeFiles/cmTC_d58fa.dir/CheckIncludeFile.c.o
/opt/rs97/bin/mipsel-rs97-linux-uclibc-gcc --sysroot=/opt/rs97/mipsel-rs97-linux-uclibc/sysroot   -D_LARGEFILE_SOURCE -D_LARGEFILE64_SOURCE -D_FILE_OFFSET_BITS=64 -Os   -DNDEBUG   -o CMakeFiles/cmTC_d58fa.dir/CheckIncludeFile.c.o   -c /home/steward/Data/Github/rs97_src/cdogs/gcw0build/CMakeFiles/CMakeTmp/CheckIncludeFile.c
Linking C executable cmTC_d58fa
/opt/rs97/bin/cmake -E cmake_link_script CMakeFiles/cmTC_d58fa.dir/link.txt --verbose=1
/opt/rs97/bin/mipsel-rs97-linux-uclibc-gcc --sysroot=/opt/rs97/mipsel-rs97-linux-uclibc/sysroot -D_LARGEFILE_SOURCE -D_LARGEFILE64_SOURCE -D_FILE_OFFSET_BITS=64 -Os   -DNDEBUG    -rdynamic CMakeFiles/cmTC_d58fa.dir/CheckIncludeFile.c.o  -o cmTC_d58fa 
make[1]: Leaving directory '/home/steward/Data/Github/rs97_src/cdogs/gcw0build/CMakeFiles/CMakeTmp'


Determining if the pthread_create exist passed with the following output:
Change Dir: /home/steward/Data/Github/rs97_src/cdogs/gcw0build/CMakeFiles/CMakeTmp

Run Build Command:"/usr/bin/make" "cmTC_ac1ce/fast"
/usr/bin/make -f CMakeFiles/cmTC_ac1ce.dir/build.make CMakeFiles/cmTC_ac1ce.dir/build
make[1]: Entering directory '/home/steward/Data/Github/rs97_src/cdogs/gcw0build/CMakeFiles/CMakeTmp'
Building C object CMakeFiles/cmTC_ac1ce.dir/CheckSymbolExists.c.o
/opt/rs97/bin/mipsel-rs97-linux-uclibc-gcc --sysroot=/opt/rs97/mipsel-rs97-linux-uclibc/sysroot   -D_LARGEFILE_SOURCE -D_LARGEFILE64_SOURCE -D_FILE_OFFSET_BITS=64 -Os   -DNDEBUG   -o CMakeFiles/cmTC_ac1ce.dir/CheckSymbolExists.c.o   -c /home/steward/Data/Github/rs97_src/cdogs/gcw0build/CMakeFiles/CMakeTmp/CheckSymbolExists.c
Linking C executable cmTC_ac1ce
/opt/rs97/bin/cmake -E cmake_link_script CMakeFiles/cmTC_ac1ce.dir/link.txt --verbose=1
/opt/rs97/bin/mipsel-rs97-linux-uclibc-gcc --sysroot=/opt/rs97/mipsel-rs97-linux-uclibc/sysroot -D_LARGEFILE_SOURCE -D_LARGEFILE64_SOURCE -D_FILE_OFFSET_BITS=64 -Os   -DNDEBUG    -rdynamic CMakeFiles/cmTC_ac1ce.dir/CheckSymbolExists.c.o  -o cmTC_ac1ce 
make[1]: Leaving directory '/home/steward/Data/Github/rs97_src/cdogs/gcw0build/CMakeFiles/CMakeTmp'

File /home/steward/Data/Github/rs97_src/cdogs/gcw0build/CMakeFiles/CMakeTmp/CheckSymbolExists.c:
/* */
#include <pthread.h>

int main(int argc, char** argv)
{
  (void)argv;
#ifndef pthread_create
  return ((int*)(&pthread_create))[argc];
#else
  (void)argc;
  return 0;
#endif
}

Compiling the CXX compiler identification source file "CMakeCXXCompilerId.cpp" succeeded.
Compiler: /opt/rs97/bin/mipsel-rs97-linux-uclibc-g++ 
Build flags: -D_LARGEFILE_SOURCE;-D_LARGEFILE64_SOURCE;-D_FILE_OFFSET_BITS=64;-Os
Id flags:  

The output was:
0


Compilation of the CXX compiler identification source "CMakeCXXCompilerId.cpp" produced "a.out"

The CXX compiler identification is GNU, found in "/home/steward/Data/Github/rs97_src/cdogs/gcw0build/CMakeFiles/3.8.2/CompilerIdCXX/a.out"

Determining if the CXX compiler works passed with the following output:
Change Dir: /home/steward/Data/Github/rs97_src/cdogs/gcw0build/CMakeFiles/CMakeTmp

Run Build Command:"/usr/bin/make" "cmTC_b478a/fast"
/usr/bin/make -f CMakeFiles/cmTC_b478a.dir/build.make CMakeFiles/cmTC_b478a.dir/build
make[1]: Entering directory '/home/steward/Data/Github/rs97_src/cdogs/gcw0build/CMakeFiles/CMakeTmp'
Building CXX object CMakeFiles/cmTC_b478a.dir/testCXXCompiler.cxx.o
/opt/rs97/bin/mipsel-rs97-linux-uclibc-g++ --sysroot=/opt/rs97/mipsel-rs97-linux-uclibc/sysroot    -D_LARGEFILE_SOURCE -D_LARGEFILE64_SOURCE -D_FILE_OFFSET_BITS=64 -Os   -DNDEBUG   -o CMakeFiles/cmTC_b478a.dir/testCXXCompiler.cxx.o -c /home/steward/Data/Github/rs97_src/cdogs/gcw0build/CMakeFiles/CMakeTmp/testCXXCompiler.cxx
Linking CXX executable cmTC_b478a
/opt/rs97/bin/cmake -E cmake_link_script CMakeFiles/cmTC_b478a.dir/link.txt --verbose=1
/opt/rs97/bin/mipsel-rs97-linux-uclibc-g++ --sysroot=/opt/rs97/mipsel-rs97-linux-uclibc/sysroot  -D_LARGEFILE_SOURCE -D_LARGEFILE64_SOURCE -D_FILE_OFFSET_BITS=64 -Os   -DNDEBUG    -rdynamic CMakeFiles/cmTC_b478a.dir/testCXXCompiler.cxx.o  -o cmTC_b478a 
make[1]: Leaving directory '/home/steward/Data/Github/rs97_src/cdogs/gcw0build/CMakeFiles/CMakeTmp'


Detecting CXX compiler ABI info compiled with the following output:
Change Dir: /home/steward/Data/Github/rs97_src/cdogs/gcw0build/CMakeFiles/CMakeTmp

Run Build Command:"/usr/bin/make" "cmTC_c5bf2/fast"
/usr/bin/make -f CMakeFiles/cmTC_c5bf2.dir/build.make CMakeFiles/cmTC_c5bf2.dir/build
make[1]: Entering directory '/home/steward/Data/Github/rs97_src/cdogs/gcw0build/CMakeFiles/CMakeTmp'
Building CXX object CMakeFiles/cmTC_c5bf2.dir/CMakeCXXCompilerABI.cpp.o
/opt/rs97/bin/mipsel-rs97-linux-uclibc-g++ --sysroot=/opt/rs97/mipsel-rs97-linux-uclibc/sysroot    -D_LARGEFILE_SOURCE -D_LARGEFILE64_SOURCE -D_FILE_OFFSET_BITS=64 -Os   -DNDEBUG   -o CMakeFiles/cmTC_c5bf2.dir/CMakeCXXCompilerABI.cpp.o -c /opt/rs97/share/cmake-3.8/Modules/CMakeCXXCompilerABI.cpp
Linking CXX executable cmTC_c5bf2
/opt/rs97/bin/cmake -E cmake_link_script CMakeFiles/cmTC_c5bf2.dir/link.txt --verbose=1
/opt/rs97/bin/mipsel-rs97-linux-uclibc-g++ --sysroot=/opt/rs97/mipsel-rs97-linux-uclibc/sysroot  -D_LARGEFILE_SOURCE -D_LARGEFILE64_SOURCE -D_FILE_OFFSET_BITS=64 -Os   -DNDEBUG   -v -rdynamic CMakeFiles/cmTC_c5bf2.dir/CMakeCXXCompilerABI.cpp.o  -o cmTC_c5bf2 
Using built-in specs.
COLLECT_GCC=/opt/rs97/bin/mipsel-rs97-linux-uclibc-g++.br_real
COLLECT_LTO_WRAPPER=/opt/rs97/libexec/gcc/mipsel-rs97-linux-uclibc/7.3.0/lto-wrapper
Target: mipsel-rs97-linux-uclibc
Configured with: ./configure --prefix=/opt/rs97 --sysconfdir=/opt/rs97/etc --enable-static --target=mipsel-rs97-linux-uclibc --with-sysroot=/opt/rs97/mipsel-rs97-linux-uclibc/sysroot --disable-__cxa_atexit --with-gnu-ld --disable-libssp --disable-multilib --with-gmp=/opt/rs97 --with-mpc=/opt/rs97 --with-mpfr=/opt/rs97 --with-pkgversion='Buildroot 2018.02.9' --with-bugurl=http://bugs.buildroot.net/ --disable-libquadmath --disable-libsanitizer --enable-tls --enable-plugins --enable-lto --disable-libmudflap --enable-threads --without-isl --without-cloog --with-float=soft --disable-decimal-float --with-arch=mips32 --with-abi=32 --with-nan=legacy --enable-languages=c,c++ --with-build-time-tools=/opt/rs97/mipsel-rs97-linux-uclibc/bin --enable-shared --disable-libgomp
Thread model: posix
gcc version 7.3.0 (Buildroot 2018.02.9) 
COMPILER_PATH=/opt/rs97/libexec/gcc/mipsel-rs97-linux-uclibc/7.3.0/:/opt/rs97/libexec/gcc/mipsel-rs97-linux-uclibc/7.3.0/:/opt/rs97/libexec/gcc/mipsel-rs97-linux-uclibc/:/opt/rs97/lib/gcc/mipsel-rs97-linux-uclibc/7.3.0/:/opt/rs97/lib/gcc/mipsel-rs97-linux-uclibc/:/opt/rs97/lib/gcc/mipsel-rs97-linux-uclibc/7.3.0/../../../../mipsel-rs97-linux-uclibc/bin/
LIBRARY_PATH=/opt/rs97/lib/gcc/mipsel-rs97-linux-uclibc/7.3.0/:/opt/rs97/lib/gcc/mipsel-rs97-linux-uclibc/7.3.0/../../../../mipsel-rs97-linux-uclibc/lib/:/opt/rs97/mipsel-rs97-linux-uclibc/sysroot/lib/:/opt/rs97/mipsel-rs97-linux-uclibc/sysroot/usr/lib/
COLLECT_GCC_OPTIONS='-D' '_LARGEFILE_SOURCE' '-D' '_LARGEFILE64_SOURCE' '-D' '_FILE_OFFSET_BITS=64' '-Os' '-D' 'NDEBUG' '-v' '-rdynamic' '-o' 'cmTC_c5bf2' '-shared-libgcc' '-march=mips32' '-mabi=32' '-msoft-float' '-mnan=legacy' '-mllsc' '-mips32' '-mno-shared' '-EL'
 /opt/rs97/libexec/gcc/mipsel-rs97-linux-uclibc/7.3.0/collect2 -plugin /opt/rs97/libexec/gcc/mipsel-rs97-linux-uclibc/7.3.0/liblto_plugin.so -plugin-opt=/opt/rs97/libexec/gcc/mipsel-rs97-linux-uclibc/7.3.0/lto-wrapper -plugin-opt=-fresolution=/tmp/ccAHrAZR.res -plugin-opt=-pass-through=-lgcc_s -plugin-opt=-pass-through=-lgcc -plugin-opt=-pass-through=-lc -plugin-opt=-pass-through=-lgcc_s -plugin-opt=-pass-through=-lgcc --sysroot=/opt/rs97/mipsel-rs97-linux-uclibc/sysroot --eh-frame-hdr -EL -mips32 -export-dynamic -dynamic-linker /lib/ld-uClibc.so.0 -melf32ltsmip -o cmTC_c5bf2 /opt/rs97/mipsel-rs97-linux-uclibc/sysroot/usr/lib/crt1.o /opt/rs97/mipsel-rs97-linux-uclibc/sysroot/usr/lib/crti.o /opt/rs97/lib/gcc/mipsel-rs97-linux-uclibc/7.3.0/crtbegin.o -L/opt/rs97/lib/gcc/mipsel-rs97-linux-uclibc/7.3.0 -L/opt/rs97/lib/gcc/mipsel-rs97-linux-uclibc/7.3.0/../../../../mipsel-rs97-linux-uclibc/lib -L/opt/rs97/mipsel-rs97-linux-uclibc/sysroot/lib -L/opt/rs97/mipsel-rs97-linux-uclibc/sysroot/usr/lib CMakeFiles/cmTC_c5bf2.dir/CMakeCXXCompilerABI.cpp.o -lstdc++ -lm -lgcc_s -lgcc -lc -lgcc_s -lgcc /opt/rs97/lib/gcc/mipsel-rs97-linux-uclibc/7.3.0/crtend.o /opt/rs97/mipsel-rs97-linux-uclibc/sysroot/usr/lib/crtn.o
COLLECT_GCC_OPTIONS='-D' '_LARGEFILE_SOURCE' '-D' '_LARGEFILE64_SOURCE' '-D' '_FILE_OFFSET_BITS=64' '-Os' '-D' 'NDEBUG' '-v' '-rdynamic' '-o' 'cmTC_c5bf2' '-shared-libgcc' '-march=mips32' '-mabi=32' '-msoft-float' '-mnan=legacy' '-mllsc' '-mips32' '-mno-shared' '-EL'
make[1]: Leaving directory '/home/steward/Data/Github/rs97_src/cdogs/gcw0build/CMakeFiles/CMakeTmp'


Parsed CXX implicit link information from above output:
  link line regex: [^( *|.*[/\])(mipsel-rs97-linux-uclibc-ld|([^/\]+-)?ld|collect2)[^/\]*( |$)]
  ignore line: [Change Dir: /home/steward/Data/Github/rs97_src/cdogs/gcw0build/CMakeFiles/CMakeTmp]
  ignore line: []
  ignore line: [Run Build Command:"/usr/bin/make" "cmTC_c5bf2/fast"]
  ignore line: [/usr/bin/make -f CMakeFiles/cmTC_c5bf2.dir/build.make CMakeFiles/cmTC_c5bf2.dir/build]
  ignore line: [make[1]: Entering directory '/home/steward/Data/Github/rs97_src/cdogs/gcw0build/CMakeFiles/CMakeTmp']
  ignore line: [Building CXX object CMakeFiles/cmTC_c5bf2.dir/CMakeCXXCompilerABI.cpp.o]
  ignore line: [/opt/rs97/bin/mipsel-rs97-linux-uclibc-g++ --sysroot=/opt/rs97/mipsel-rs97-linux-uclibc/sysroot    -D_LARGEFILE_SOURCE -D_LARGEFILE64_SOURCE -D_FILE_OFFSET_BITS=64 -Os   -DNDEBUG   -o CMakeFiles/cmTC_c5bf2.dir/CMakeCXXCompilerABI.cpp.o -c /opt/rs97/share/cmake-3.8/Modules/CMakeCXXCompilerABI.cpp]
  ignore line: [Linking CXX executable cmTC_c5bf2]
  ignore line: [/opt/rs97/bin/cmake -E cmake_link_script CMakeFiles/cmTC_c5bf2.dir/link.txt --verbose=1]
  ignore line: [/opt/rs97/bin/mipsel-rs97-linux-uclibc-g++ --sysroot=/opt/rs97/mipsel-rs97-linux-uclibc/sysroot  -D_LARGEFILE_SOURCE -D_LARGEFILE64_SOURCE -D_FILE_OFFSET_BITS=64 -Os   -DNDEBUG   -v -rdynamic CMakeFiles/cmTC_c5bf2.dir/CMakeCXXCompilerABI.cpp.o  -o cmTC_c5bf2 ]
  ignore line: [Using built-in specs.]
  ignore line: [COLLECT_GCC=/opt/rs97/bin/mipsel-rs97-linux-uclibc-g++.br_real]
  ignore line: [COLLECT_LTO_WRAPPER=/opt/rs97/libexec/gcc/mipsel-rs97-linux-uclibc/7.3.0/lto-wrapper]
  ignore line: [Target: mipsel-rs97-linux-uclibc]
  ignore line: [Configured with: ./configure --prefix=/opt/rs97 --sysconfdir=/opt/rs97/etc --enable-static --target=mipsel-rs97-linux-uclibc --with-sysroot=/opt/rs97/mipsel-rs97-linux-uclibc/sysroot --disable-__cxa_atexit --with-gnu-ld --disable-libssp --disable-multilib --with-gmp=/opt/rs97 --with-mpc=/opt/rs97 --with-mpfr=/opt/rs97 --with-pkgversion='Buildroot 2018.02.9' --with-bugurl=http://bugs.buildroot.net/ --disable-libquadmath --disable-libsanitizer --enable-tls --enable-plugins --enable-lto --disable-libmudflap --enable-threads --without-isl --without-cloog --with-float=soft --disable-decimal-float --with-arch=mips32 --with-abi=32 --with-nan=legacy --enable-languages=c,c++ --with-build-time-tools=/opt/rs97/mipsel-rs97-linux-uclibc/bin --enable-shared --disable-libgomp]
  ignore line: [Thread model: posix]
  ignore line: [gcc version 7.3.0 (Buildroot 2018.02.9) ]
  ignore line: [COMPILER_PATH=/opt/rs97/libexec/gcc/mipsel-rs97-linux-uclibc/7.3.0/:/opt/rs97/libexec/gcc/mipsel-rs97-linux-uclibc/7.3.0/:/opt/rs97/libexec/gcc/mipsel-rs97-linux-uclibc/:/opt/rs97/lib/gcc/mipsel-rs97-linux-uclibc/7.3.0/:/opt/rs97/lib/gcc/mipsel-rs97-linux-uclibc/:/opt/rs97/lib/gcc/mipsel-rs97-linux-uclibc/7.3.0/../../../../mipsel-rs97-linux-uclibc/bin/]
  ignore line: [LIBRARY_PATH=/opt/rs97/lib/gcc/mipsel-rs97-linux-uclibc/7.3.0/:/opt/rs97/lib/gcc/mipsel-rs97-linux-uclibc/7.3.0/../../../../mipsel-rs97-linux-uclibc/lib/:/opt/rs97/mipsel-rs97-linux-uclibc/sysroot/lib/:/opt/rs97/mipsel-rs97-linux-uclibc/sysroot/usr/lib/]
  ignore line: [COLLECT_GCC_OPTIONS='-D' '_LARGEFILE_SOURCE' '-D' '_LARGEFILE64_SOURCE' '-D' '_FILE_OFFSET_BITS=64' '-Os' '-D' 'NDEBUG' '-v' '-rdynamic' '-o' 'cmTC_c5bf2' '-shared-libgcc' '-march=mips32' '-mabi=32' '-msoft-float' '-mnan=legacy' '-mllsc' '-mips32' '-mno-shared' '-EL']
  link line: [ /opt/rs97/libexec/gcc/mipsel-rs97-linux-uclibc/7.3.0/collect2 -plugin /opt/rs97/libexec/gcc/mipsel-rs97-linux-uclibc/7.3.0/liblto_plugin.so -plugin-opt=/opt/rs97/libexec/gcc/mipsel-rs97-linux-uclibc/7.3.0/lto-wrapper -plugin-opt=-fresolution=/tmp/ccAHrAZR.res -plugin-opt=-pass-through=-lgcc_s -plugin-opt=-pass-through=-lgcc -plugin-opt=-pass-through=-lc -plugin-opt=-pass-through=-lgcc_s -plugin-opt=-pass-through=-lgcc --sysroot=/opt/rs97/mipsel-rs97-linux-uclibc/sysroot --eh-frame-hdr -EL -mips32 -export-dynamic -dynamic-linker /lib/ld-uClibc.so.0 -melf32ltsmip -o cmTC_c5bf2 /opt/rs97/mipsel-rs97-linux-uclibc/sysroot/usr/lib/crt1.o /opt/rs97/mipsel-rs97-linux-uclibc/sysroot/usr/lib/crti.o /opt/rs97/lib/gcc/mipsel-rs97-linux-uclibc/7.3.0/crtbegin.o -L/opt/rs97/lib/gcc/mipsel-rs97-linux-uclibc/7.3.0 -L/opt/rs97/lib/gcc/mipsel-rs97-linux-uclibc/7.3.0/../../../../mipsel-rs97-linux-uclibc/lib -L/opt/rs97/mipsel-rs97-linux-uclibc/sysroot/lib -L/opt/rs97/mipsel-rs97-linux-uclibc/sysroot/usr/lib CMakeFiles/cmTC_c5bf2.dir/CMakeCXXCompilerABI.cpp.o -lstdc++ -lm -lgcc_s -lgcc -lc -lgcc_s -lgcc /opt/rs97/lib/gcc/mipsel-rs97-linux-uclibc/7.3.0/crtend.o /opt/rs97/mipsel-rs97-linux-uclibc/sysroot/usr/lib/crtn.o]
    arg [/opt/rs97/libexec/gcc/mipsel-rs97-linux-uclibc/7.3.0/collect2] ==> ignore
    arg [-plugin] ==> ignore
    arg [/opt/rs97/libexec/gcc/mipsel-rs97-linux-uclibc/7.3.0/liblto_plugin.so] ==> ignore
    arg [-plugin-opt=/opt/rs97/libexec/gcc/mipsel-rs97-linux-uclibc/7.3.0/lto-wrapper] ==> ignore
    arg [-plugin-opt=-fresolution=/tmp/ccAHrAZR.res] ==> ignore
    arg [-plugin-opt=-pass-through=-lgcc_s] ==> ignore
    arg [-plugin-opt=-pass-through=-lgcc] ==> ignore
    arg [-plugin-opt=-pass-through=-lc] ==> ignore
    arg [-plugin-opt=-pass-through=-lgcc_s] ==> ignore
    arg [-plugin-opt=-pass-through=-lgcc] ==> ignore
    arg [--sysroot=/opt/rs97/mipsel-rs97-linux-uclibc/sysroot] ==> ignore
    arg [--eh-frame-hdr] ==> ignore
    arg [-EL] ==> ignore
    arg [-mips32] ==> ignore
    arg [-export-dynamic] ==> ignore
    arg [-dynamic-linker] ==> ignore
    arg [/lib/ld-uClibc.so.0] ==> ignore
    arg [-melf32ltsmip] ==> ignore
    arg [-o] ==> ignore
    arg [cmTC_c5bf2] ==> ignore
    arg [/opt/rs97/mipsel-rs97-linux-uclibc/sysroot/usr/lib/crt1.o] ==> ignore
    arg [/opt/rs97/mipsel-rs97-linux-uclibc/sysroot/usr/lib/crti.o] ==> ignore
    arg [/opt/rs97/lib/gcc/mipsel-rs97-linux-uclibc/7.3.0/crtbegin.o] ==> ignore
    arg [-L/opt/rs97/lib/gcc/mipsel-rs97-linux-uclibc/7.3.0] ==> dir [/opt/rs97/lib/gcc/mipsel-rs97-linux-uclibc/7.3.0]
    arg [-L/opt/rs97/lib/gcc/mipsel-rs97-linux-uclibc/7.3.0/../../../../mipsel-rs97-linux-uclibc/lib] ==> dir [/opt/rs97/lib/gcc/mipsel-rs97-linux-uclibc/7.3.0/../../../../mipsel-rs97-linux-uclibc/lib]
    arg [-L/opt/rs97/mipsel-rs97-linux-uclibc/sysroot/lib] ==> dir [/opt/rs97/mipsel-rs97-linux-uclibc/sysroot/lib]
    arg [-L/opt/rs97/mipsel-rs97-linux-uclibc/sysroot/usr/lib] ==> dir [/opt/rs97/mipsel-rs97-linux-uclibc/sysroot/usr/lib]
    arg [CMakeFiles/cmTC_c5bf2.dir/CMakeCXXCompilerABI.cpp.o] ==> ignore
    arg [-lstdc++] ==> lib [stdc++]
    arg [-lm] ==> lib [m]
    arg [-lgcc_s] ==> lib [gcc_s]
    arg [-lgcc] ==> lib [gcc]
    arg [-lc] ==> lib [c]
    arg [-lgcc_s] ==> lib [gcc_s]
    arg [-lgcc] ==> lib [gcc]
    arg [/opt/rs97/lib/gcc/mipsel-rs97-linux-uclibc/7.3.0/crtend.o] ==> ignore
    arg [/opt/rs97/mipsel-rs97-linux-uclibc/sysroot/usr/lib/crtn.o] ==> ignore
  remove lib [gcc_s]
  remove lib [gcc]
  remove lib [gcc_s]
  remove lib [gcc]
  collapse library dir [/opt/rs97/lib/gcc/mipsel-rs97-linux-uclibc/7.3.0] ==> [/opt/rs97/lib/gcc/mipsel-rs97-linux-uclibc/7.3.0]
  collapse library dir [/opt/rs97/lib/gcc/mipsel-rs97-linux-uclibc/7.3.0/../../../../mipsel-rs97-linux-uclibc/lib] ==> [/opt/rs97/mipsel-rs97-linux-uclibc/lib]
  collapse library dir [/opt/rs97/mipsel-rs97-linux-uclibc/sysroot/lib] ==> [/opt/rs97/mipsel-rs97-linux-uclibc/sysroot/lib]
  collapse library dir [/opt/rs97/mipsel-rs97-linux-uclibc/sysroot/usr/lib] ==> [/opt/rs97/mipsel-rs97-linux-uclibc/sysroot/usr/lib]
  implicit libs: [stdc++;m;c]
  implicit dirs: [/opt/rs97/lib/gcc/mipsel-rs97-linux-uclibc/7.3.0;/opt/rs97/mipsel-rs97-linux-uclibc/lib;/opt/rs97/mipsel-rs97-linux-uclibc/sysroot/lib;/opt/rs97/mipsel-rs97-linux-uclibc/sysroot/usr/lib]
  implicit fwks: []




Detecting CXX [-std=c++1z] compiler features compiled with the following output:
Change Dir: /home/steward/Data/Github/rs97_src/cdogs/gcw0build/CMakeFiles/CMakeTmp

Run Build Command:"/usr/bin/make" "cmTC_6fb3d/fast"
/usr/bin/make -f CMakeFiles/cmTC_6fb3d.dir/build.make CMakeFiles/cmTC_6fb3d.dir/build
make[1]: Entering directory '/home/steward/Data/Github/rs97_src/cdogs/gcw0build/CMakeFiles/CMakeTmp'
Building CXX object CMakeFiles/cmTC_6fb3d.dir/feature_tests.cxx.o
/opt/rs97/bin/mipsel-rs97-linux-uclibc-g++ --sysroot=/opt/rs97/mipsel-rs97-linux-uclibc/sysroot    -D_LARGEFILE_SOURCE -D_LARGEFILE64_SOURCE -D_FILE_OFFSET_BITS=64 -Os   -DNDEBUG   -std=c++1z -o CMakeFiles/cmTC_6fb3d.dir/feature_tests.cxx.o -c /home/steward/Data/Github/rs97_src/cdogs/gcw0build/CMakeFiles/feature_tests.cxx
Linking CXX executable cmTC_6fb3d
/opt/rs97/bin/cmake -E cmake_link_script CMakeFiles/cmTC_6fb3d.dir/link.txt --verbose=1
/opt/rs97/bin/mipsel-rs97-linux-uclibc-g++ --sysroot=/opt/rs97/mipsel-rs97-linux-uclibc/sysroot  -D_LARGEFILE_SOURCE -D_LARGEFILE64_SOURCE -D_FILE_OFFSET_BITS=64 -Os   -DNDEBUG    -rdynamic CMakeFiles/cmTC_6fb3d.dir/feature_tests.cxx.o  -o cmTC_6fb3d 
make[1]: Leaving directory '/home/steward/Data/Github/rs97_src/cdogs/gcw0build/CMakeFiles/CMakeTmp'


    Feature record: CXX_FEATURE:1cxx_aggregate_default_initializers
    Feature record: CXX_FEATURE:1cxx_alias_templates
    Feature record: CXX_FEATURE:1cxx_alignas
    Feature record: CXX_FEATURE:1cxx_alignof
    Feature record: CXX_FEATURE:1cxx_attributes
    Feature record: CXX_FEATURE:1cxx_attribute_deprecated
    Feature record: CXX_FEATURE:1cxx_auto_type
    Feature record: CXX_FEATURE:1cxx_binary_literals
    Feature record: CXX_FEATURE:1cxx_constexpr
    Feature record: CXX_FEATURE:1cxx_contextual_conversions
    Feature record: CXX_FEATURE:1cxx_decltype
    Feature record: CXX_FEATURE:1cxx_decltype_auto
    Feature record: CXX_FEATURE:1cxx_decltype_incomplete_return_types
    Feature record: CXX_FEATURE:1cxx_default_function_template_args
    Feature record: CXX_FEATURE:1cxx_defaulted_functions
    Feature record: CXX_FEATURE:1cxx_defaulted_move_initializers
    Feature record: CXX_FEATURE:1cxx_delegating_constructors
    Feature record: CXX_FEATURE:1cxx_deleted_functions
    Feature record: CXX_FEATURE:1cxx_digit_separators
    Feature record: CXX_FEATURE:1cxx_enum_forward_declarations
    Feature record: CXX_FEATURE:1cxx_explicit_conversions
    Feature record: CXX_FEATURE:1cxx_extended_friend_declarations
    Feature record: CXX_FEATURE:1cxx_extern_templates
    Feature record: CXX_FEATURE:1cxx_final
    Feature record: CXX_FEATURE:1cxx_func_identifier
    Feature record: CXX_FEATURE:1cxx_generalized_initializers
    Feature record: CXX_FEATURE:1cxx_generic_lambdas
    Feature record: CXX_FEATURE:1cxx_inheriting_constructors
    Feature record: CXX_FEATURE:1cxx_inline_namespaces
    Feature record: CXX_FEATURE:1cxx_lambdas
    Feature record: CXX_FEATURE:1cxx_lambda_init_captures
    Feature record: CXX_FEATURE:1cxx_local_type_template_args
    Feature record: CXX_FEATURE:1cxx_long_long_type
    Feature record: CXX_FEATURE:1cxx_noexcept
    Feature record: CXX_FEATURE:1cxx_nonstatic_member_init
    Feature record: CXX_FEATURE:1cxx_nullptr
    Feature record: CXX_FEATURE:1cxx_override
    Feature record: CXX_FEATURE:1cxx_range_for
    Feature record: CXX_FEATURE:1cxx_raw_string_literals
    Feature record: CXX_FEATURE:1cxx_reference_qualified_functions
    Feature record: CXX_FEATURE:1cxx_relaxed_constexpr
    Feature record: CXX_FEATURE:1cxx_return_type_deduction
    Feature record: CXX_FEATURE:1cxx_right_angle_brackets
    Feature record: CXX_FEATURE:1cxx_rvalue_references
    Feature record: CXX_FEATURE:1cxx_sizeof_member
    Feature record: CXX_FEATURE:1cxx_static_assert
    Feature record: CXX_FEATURE:1cxx_strong_enums
    Feature record: CXX_FEATURE:1cxx_template_template_parameters
    Feature record: CXX_FEATURE:1cxx_thread_local
    Feature record: CXX_FEATURE:1cxx_trailing_return_types
    Feature record: CXX_FEATURE:1cxx_unicode_literals
    Feature record: CXX_FEATURE:1cxx_uniform_initialization
    Feature record: CXX_FEATURE:1cxx_unrestricted_unions
    Feature record: CXX_FEATURE:1cxx_user_literals
    Feature record: CXX_FEATURE:1cxx_variable_templates
    Feature record: CXX_FEATURE:1cxx_variadic_macros
    Feature record: CXX_FEATURE:1cxx_variadic_templates


Detecting CXX [-std=c++14] compiler features compiled with the following output:
Change Dir: /home/steward/Data/Github/rs97_src/cdogs/gcw0build/CMakeFiles/CMakeTmp

Run Build Command:"/usr/bin/make" "cmTC_ed3dc/fast"
/usr/bin/make -f CMakeFiles/cmTC_ed3dc.dir/build.make CMakeFiles/cmTC_ed3dc.dir/build
make[1]: Entering directory '/home/steward/Data/Github/rs97_src/cdogs/gcw0build/CMakeFiles/CMakeTmp'
Building CXX object CMakeFiles/cmTC_ed3dc.dir/feature_tests.cxx.o
/opt/rs97/bin/mipsel-rs97-linux-uclibc-g++ --sysroot=/opt/rs97/mipsel-rs97-linux-uclibc/sysroot    -D_LARGEFILE_SOURCE -D_LARGEFILE64_SOURCE -D_FILE_OFFSET_BITS=64 -Os   -DNDEBUG   -std=c++14 -o CMakeFiles/cmTC_ed3dc.dir/feature_tests.cxx.o -c /home/steward/Data/Github/rs97_src/cdogs/gcw0build/CMakeFiles/feature_tests.cxx
Linking CXX executable cmTC_ed3dc
/opt/rs97/bin/cmake -E cmake_link_script CMakeFiles/cmTC_ed3dc.dir/link.txt --verbose=1
/opt/rs97/bin/mipsel-rs97-linux-uclibc-g++ --sysroot=/opt/rs97/mipsel-rs97-linux-uclibc/sysroot  -D_LARGEFILE_SOURCE -D_LARGEFILE64_SOURCE -D_FILE_OFFSET_BITS=64 -Os   -DNDEBUG    -rdynamic CMakeFiles/cmTC_ed3dc.dir/feature_tests.cxx.o  -o cmTC_ed3dc 
make[1]: Leaving directory '/home/steward/Data/Github/rs97_src/cdogs/gcw0build/CMakeFiles/CMakeTmp'


    Feature record: CXX_FEATURE:1cxx_aggregate_default_initializers
    Feature record: CXX_FEATURE:1cxx_alias_templates
    Feature record: CXX_FEATURE:1cxx_alignas
    Feature record: CXX_FEATURE:1cxx_alignof
    Feature record: CXX_FEATURE:1cxx_attributes
    Feature record: CXX_FEATURE:1cxx_attribute_deprecated
    Feature record: CXX_FEATURE:1cxx_auto_type
    Feature record: CXX_FEATURE:1cxx_binary_literals
    Feature record: CXX_FEATURE:1cxx_constexpr
    Feature record: CXX_FEATURE:1cxx_contextual_conversions
    Feature record: CXX_FEATURE:1cxx_decltype
    Feature record: CXX_FEATURE:1cxx_decltype_auto
    Feature record: CXX_FEATURE:1cxx_decltype_incomplete_return_types
    Feature record: CXX_FEATURE:1cxx_default_function_template_args
    Feature record: CXX_FEATURE:1cxx_defaulted_functions
    Feature record: CXX_FEATURE:1cxx_defaulted_move_initializers
    Feature record: CXX_FEATURE:1cxx_delegating_constructors
    Feature record: CXX_FEATURE:1cxx_deleted_functions
    Feature record: CXX_FEATURE:1cxx_digit_separators
    Feature record: CXX_FEATURE:1cxx_enum_forward_declarations
    Feature record: CXX_FEATURE:1cxx_explicit_conversions
    Feature record: CXX_FEATURE:1cxx_extended_friend_declarations
    Feature record: CXX_FEATURE:1cxx_extern_templates
    Feature record: CXX_FEATURE:1cxx_final
    Feature record: CXX_FEATURE:1cxx_func_identifier
    Feature record: CXX_FEATURE:1cxx_generalized_initializers
    Feature record: CXX_FEATURE:1cxx_generic_lambdas
    Feature record: CXX_FEATURE:1cxx_inheriting_constructors
    Feature record: CXX_FEATURE:1cxx_inline_namespaces
    Feature record: CXX_FEATURE:1cxx_lambdas
    Feature record: CXX_FEATURE:1cxx_lambda_init_captures
    Feature record: CXX_FEATURE:1cxx_local_type_template_args
    Feature record: CXX_FEATURE:1cxx_long_long_type
    Feature record: CXX_FEATURE:1cxx_noexcept
    Feature record: CXX_FEATURE:1cxx_nonstatic_member_init
    Feature record: CXX_FEATURE:1cxx_nullptr
    Feature record: CXX_FEATURE:1cxx_override
    Feature record: CXX_FEATURE:1cxx_range_for
    Feature record: CXX_FEATURE:1cxx_raw_string_literals
    Feature record: CXX_FEATURE:1cxx_reference_qualified_functions
    Feature record: CXX_FEATURE:1cxx_relaxed_constexpr
    Feature record: CXX_FEATURE:1cxx_return_type_deduction
    Feature record: CXX_FEATURE:1cxx_right_angle_brackets
    Feature record: CXX_FEATURE:1cxx_rvalue_references
    Feature record: CXX_FEATURE:1cxx_sizeof_member
    Feature record: CXX_FEATURE:1cxx_static_assert
    Feature record: CXX_FEATURE:1cxx_strong_enums
    Feature record: CXX_FEATURE:1cxx_template_template_parameters
    Feature record: CXX_FEATURE:1cxx_thread_local
    Feature record: CXX_FEATURE:1cxx_trailing_return_types
    Feature record: CXX_FEATURE:1cxx_unicode_literals
    Feature record: CXX_FEATURE:1cxx_uniform_initialization
    Feature record: CXX_FEATURE:1cxx_unrestricted_unions
    Feature record: CXX_FEATURE:1cxx_user_literals
    Feature record: CXX_FEATURE:1cxx_variable_templates
    Feature record: CXX_FEATURE:1cxx_variadic_macros
    Feature record: CXX_FEATURE:1cxx_variadic_templates


Detecting CXX [-std=c++11] compiler features compiled with the following output:
Change Dir: /home/steward/Data/Github/rs97_src/cdogs/gcw0build/CMakeFiles/CMakeTmp

Run Build Command:"/usr/bin/make" "cmTC_81269/fast"
/usr/bin/make -f CMakeFiles/cmTC_81269.dir/build.make CMakeFiles/cmTC_81269.dir/build
make[1]: Entering directory '/home/steward/Data/Github/rs97_src/cdogs/gcw0build/CMakeFiles/CMakeTmp'
Building CXX object CMakeFiles/cmTC_81269.dir/feature_tests.cxx.o
/opt/rs97/bin/mipsel-rs97-linux-uclibc-g++ --sysroot=/opt/rs97/mipsel-rs97-linux-uclibc/sysroot    -D_LARGEFILE_SOURCE -D_LARGEFILE64_SOURCE -D_FILE_OFFSET_BITS=64 -Os   -DNDEBUG   -std=c++11 -o CMakeFiles/cmTC_81269.dir/feature_tests.cxx.o -c /home/steward/Data/Github/rs97_src/cdogs/gcw0build/CMakeFiles/feature_tests.cxx
Linking CXX executable cmTC_81269
/opt/rs97/bin/cmake -E cmake_link_script CMakeFiles/cmTC_81269.dir/link.txt --verbose=1
/opt/rs97/bin/mipsel-rs97-linux-uclibc-g++ --sysroot=/opt/rs97/mipsel-rs97-linux-uclibc/sysroot  -D_LARGEFILE_SOURCE -D_LARGEFILE64_SOURCE -D_FILE_OFFSET_BITS=64 -Os   -DNDEBUG    -rdynamic CMakeFiles/cmTC_81269.dir/feature_tests.cxx.o  -o cmTC_81269 
make[1]: Leaving directory '/home/steward/Data/Github/rs97_src/cdogs/gcw0build/CMakeFiles/CMakeTmp'


    Feature record: CXX_FEATURE:0cxx_aggregate_default_initializers
    Feature record: CXX_FEATURE:1cxx_alias_templates
    Feature record: CXX_FEATURE:1cxx_alignas
    Feature record: CXX_FEATURE:1cxx_alignof
    Feature record: CXX_FEATURE:1cxx_attributes
    Feature record: CXX_FEATURE:0cxx_attribute_deprecated
    Feature record: CXX_FEATURE:1cxx_auto_type
    Feature record: CXX_FEATURE:0cxx_binary_literals
    Feature record: CXX_FEATURE:1cxx_constexpr
    Feature record: CXX_FEATURE:0cxx_contextual_conversions
    Feature record: CXX_FEATURE:1cxx_decltype
    Feature record: CXX_FEATURE:0cxx_decltype_auto
    Feature record: CXX_FEATURE:1cxx_decltype_incomplete_return_types
    Feature record: CXX_FEATURE:1cxx_default_function_template_args
    Feature record: CXX_FEATURE:1cxx_defaulted_functions
    Feature record: CXX_FEATURE:1cxx_defaulted_move_initializers
    Feature record: CXX_FEATURE:1cxx_delegating_constructors
    Feature record: CXX_FEATURE:1cxx_deleted_functions
    Feature record: CXX_FEATURE:0cxx_digit_separators
    Feature record: CXX_FEATURE:1cxx_enum_forward_declarations
    Feature record: CXX_FEATURE:1cxx_explicit_conversions
    Feature record: CXX_FEATURE:1cxx_extended_friend_declarations
    Feature record: CXX_FEATURE:1cxx_extern_templates
    Feature record: CXX_FEATURE:1cxx_final
    Feature record: CXX_FEATURE:1cxx_func_identifier
    Feature record: CXX_FEATURE:1cxx_generalized_initializers
    Feature record: CXX_FEATURE:0cxx_generic_lambdas
    Feature record: CXX_FEATURE:1cxx_inheriting_constructors
    Feature record: CXX_FEATURE:1cxx_inline_namespaces
    Feature record: CXX_FEATURE:1cxx_lambdas
    Feature record: CXX_FEATURE:0cxx_lambda_init_captures
    Feature record: CXX_FEATURE:1cxx_local_type_template_args
    Feature record: CXX_FEATURE:1cxx_long_long_type
    Feature record: CXX_FEATURE:1cxx_noexcept
    Feature record: CXX_FEATURE:1cxx_nonstatic_member_init
    Feature record: CXX_FEATURE:1cxx_nullptr
    Feature record: CXX_FEATURE:1cxx_override
    Feature record: CXX_FEATURE:1cxx_range_for
    Feature record: CXX_FEATURE:1cxx_raw_string_literals
    Feature record: CXX_FEATURE:1cxx_reference_qualified_functions
    Feature record: CXX_FEATURE:0cxx_relaxed_constexpr
    Feature record: CXX_FEATURE:0cxx_return_type_deduction
    Feature record: CXX_FEATURE:1cxx_right_angle_brackets
    Feature record: CXX_FEATURE:1cxx_rvalue_references
    Feature record: CXX_FEATURE:1cxx_sizeof_member
    Feature record: CXX_FEATURE:1cxx_static_assert
    Feature record: CXX_FEATURE:1cxx_strong_enums
    Feature record: CXX_FEATURE:1cxx_template_template_parameters
    Feature record: CXX_FEATURE:1cxx_thread_local
    Feature record: CXX_FEATURE:1cxx_trailing_return_types
    Feature record: CXX_FEATURE:1cxx_unicode_literals
    Feature record: CXX_FEATURE:1cxx_uniform_initialization
    Feature record: CXX_FEATURE:1cxx_unrestricted_unions
    Feature record: CXX_FEATURE:1cxx_user_literals
    Feature record: CXX_FEATURE:0cxx_variable_templates
    Feature record: CXX_FEATURE:1cxx_variadic_macros
    Feature record: CXX_FEATURE:1cxx_variadic_templates


Detecting CXX [-std=c++98] compiler features compiled with the following output:
Change Dir: /home/steward/Data/Github/rs97_src/cdogs/gcw0build/CMakeFiles/CMakeTmp

Run Build Command:"/usr/bin/make" "cmTC_6464e/fast"
/usr/bin/make -f CMakeFiles/cmTC_6464e.dir/build.make CMakeFiles/cmTC_6464e.dir/build
make[1]: Entering directory '/home/steward/Data/Github/rs97_src/cdogs/gcw0build/CMakeFiles/CMakeTmp'
Building CXX object CMakeFiles/cmTC_6464e.dir/feature_tests.cxx.o
/opt/rs97/bin/mipsel-rs97-linux-uclibc-g++ --sysroot=/opt/rs97/mipsel-rs97-linux-uclibc/sysroot    -D_LARGEFILE_SOURCE -D_LARGEFILE64_SOURCE -D_FILE_OFFSET_BITS=64 -Os   -DNDEBUG   -std=c++98 -o CMakeFiles/cmTC_6464e.dir/feature_tests.cxx.o -c /home/steward/Data/Github/rs97_src/cdogs/gcw0build/CMakeFiles/feature_tests.cxx
Linking CXX executable cmTC_6464e
/opt/rs97/bin/cmake -E cmake_link_script CMakeFiles/cmTC_6464e.dir/link.txt --verbose=1
/opt/rs97/bin/mipsel-rs97-linux-uclibc-g++ --sysroot=/opt/rs97/mipsel-rs97-linux-uclibc/sysroot  -D_LARGEFILE_SOURCE -D_LARGEFILE64_SOURCE -D_FILE_OFFSET_BITS=64 -Os   -DNDEBUG    -rdynamic CMakeFiles/cmTC_6464e.dir/feature_tests.cxx.o  -o cmTC_6464e 
make[1]: Leaving directory '/home/steward/Data/Github/rs97_src/cdogs/gcw0build/CMakeFiles/CMakeTmp'


    Feature record: CXX_FEATURE:0cxx_aggregate_default_initializers
    Feature record: CXX_FEATURE:0cxx_alias_templates
    Feature record: CXX_FEATURE:0cxx_alignas
    Feature record: CXX_FEATURE:0cxx_alignof
    Feature record: CXX_FEATURE:0cxx_attributes
    Feature record: CXX_FEATURE:0cxx_attribute_deprecated
    Feature record: CXX_FEATURE:0cxx_auto_type
    Feature record: CXX_FEATURE:0cxx_binary_literals
    Feature record: CXX_FEATURE:0cxx_constexpr
    Feature record: CXX_FEATURE:0cxx_contextual_conversions
    Feature record: CXX_FEATURE:0cxx_decltype
    Feature record: CXX_FEATURE:0cxx_decltype_auto
    Feature record: CXX_FEATURE:0cxx_decltype_incomplete_return_types
    Feature record: CXX_FEATURE:0cxx_default_function_template_args
    Feature record: CXX_FEATURE:0cxx_defaulted_functions
    Feature record: CXX_FEATURE:0cxx_defaulted_move_initializers
    Feature record: CXX_FEATURE:0cxx_delegating_constructors
    Feature record: CXX_FEATURE:0cxx_deleted_functions
    Feature record: CXX_FEATURE:0cxx_digit_separators
    Feature record: CXX_FEATURE:0cxx_enum_forward_declarations
    Feature record: CXX_FEATURE:0cxx_explicit_conversions
    Feature record: CXX_FEATURE:0cxx_extended_friend_declarations
    Feature record: CXX_FEATURE:0cxx_extern_templates
    Feature record: CXX_FEATURE:0cxx_final
    Feature record: CXX_FEATURE:0cxx_func_identifier
    Feature record: CXX_FEATURE:0cxx_generalized_initializers
    Feature record: CXX_FEATURE:0cxx_generic_lambdas
    Feature record: CXX_FEATURE:0cxx_inheriting_constructors
    Feature record: CXX_FEATURE:0cxx_inline_namespaces
    Feature record: CXX_FEATURE:0cxx_lambdas
    Feature record: CXX_FEATURE:0cxx_lambda_init_captures
    Feature record: CXX_FEATURE:0cxx_local_type_template_args
    Feature record: CXX_FEATURE:0cxx_long_long_type
    Feature record: CXX_FEATURE:0cxx_noexcept
    Feature record: CXX_FEATURE:0cxx_nonstatic_member_init
    Feature record: CXX_FEATURE:0cxx_nullptr
    Feature record: CXX_FEATURE:0cxx_override
    Feature record: CXX_FEATURE:0cxx_range_for
    Feature record: CXX_FEATURE:0cxx_raw_string_literals
    Feature record: CXX_FEATURE:0cxx_reference_qualified_functions
    Feature record: CXX_FEATURE:0cxx_relaxed_constexpr
    Feature record: CXX_FEATURE:0cxx_return_type_deduction
    Feature record: CXX_FEATURE:0cxx_right_angle_brackets
    Feature record: CXX_FEATURE:0cxx_rvalue_references
    Feature record: CXX_FEATURE:0cxx_sizeof_member
    Feature record: CXX_FEATURE:0cxx_static_assert
    Feature record: CXX_FEATURE:0cxx_strong_enums
    Feature record: CXX_FEATURE:1cxx_template_template_parameters
    Feature record: CXX_FEATURE:0cxx_thread_local
    Feature record: CXX_FEATURE:0cxx_trailing_return_types
    Feature record: CXX_FEATURE:0cxx_unicode_literals
    Feature record: CXX_FEATURE:0cxx_uniform_initialization
    Feature record: CXX_FEATURE:0cxx_unrestricted_unions
    Feature record: CXX_FEATURE:0cxx_user_literals
    Feature record: CXX_FEATURE:0cxx_variable_templates
    Feature record: CXX_FEATURE:0cxx_variadic_macros
    Feature record: CXX_FEATURE:0cxx_variadic_templates
Determining if the function fcntl exists passed with the following output:
Change Dir: /home/steward/Data/Github/rs97_src/cdogs/gcw0build/CMakeFiles/CMakeTmp

Run Build Command:"/usr/bin/make" "cmTC_01907/fast"
/usr/bin/make -f CMakeFiles/cmTC_01907.dir/build.make CMakeFiles/cmTC_01907.dir/build
make[1]: Entering directory '/home/steward/Data/Github/rs97_src/cdogs/gcw0build/CMakeFiles/CMakeTmp'
Building C object CMakeFiles/cmTC_01907.dir/CheckFunctionExists.c.o
/opt/rs97/bin/mipsel-rs97-linux-uclibc-gcc --sysroot=/opt/rs97/mipsel-rs97-linux-uclibc/sysroot   -D_LARGEFILE_SOURCE -D_LARGEFILE64_SOURCE -D_FILE_OFFSET_BITS=64 -Os -DCHECK_FUNCTION_EXISTS=fcntl  -DNDEBUG   -o CMakeFiles/cmTC_01907.dir/CheckFunctionExists.c.o   -c /opt/rs97/share/cmake-3.8/Modules/CheckFunctionExists.c
Linking C executable cmTC_01907
/opt/rs97/bin/cmake -E cmake_link_script CMakeFiles/cmTC_01907.dir/link.txt --verbose=1
/opt/rs97/bin/mipsel-rs97-linux-uclibc-gcc --sysroot=/opt/rs97/mipsel-rs97-linux-uclibc/sysroot -D_LARGEFILE_SOURCE -D_LARGEFILE64_SOURCE -D_FILE_OFFSET_BITS=64 -Os -DCHECK_FUNCTION_EXISTS=fcntl  -DNDEBUG    -rdynamic CMakeFiles/cmTC_01907.dir/CheckFunctionExists.c.o  -o cmTC_01907 
make[1]: Leaving directory '/home/steward/Data/Github/rs97_src/cdogs/gcw0build/CMakeFiles/CMakeTmp'


Determining if the function poll exists passed with the following output:
Change Dir: /home/steward/Data/Github/rs97_src/cdogs/gcw0build/CMakeFiles/CMakeTmp

Run Build Command:"/usr/bin/make" "cmTC_2cf71/fast"
/usr/bin/make -f CMakeFiles/cmTC_2cf71.dir/build.make CMakeFiles/cmTC_2cf71.dir/build
make[1]: Entering directory '/home/steward/Data/Github/rs97_src/cdogs/gcw0build/CMakeFiles/CMakeTmp'
Building C object CMakeFiles/cmTC_2cf71.dir/CheckFunctionExists.c.o
/opt/rs97/bin/mipsel-rs97-linux-uclibc-gcc --sysroot=/opt/rs97/mipsel-rs97-linux-uclibc/sysroot   -D_LARGEFILE_SOURCE -D_LARGEFILE64_SOURCE -D_FILE_OFFSET_BITS=64 -Os -DCHECK_FUNCTION_EXISTS=poll  -DNDEBUG   -o CMakeFiles/cmTC_2cf71.dir/CheckFunctionExists.c.o   -c /opt/rs97/share/cmake-3.8/Modules/CheckFunctionExists.c
Linking C executable cmTC_2cf71
/opt/rs97/bin/cmake -E cmake_link_script CMakeFiles/cmTC_2cf71.dir/link.txt --verbose=1
/opt/rs97/bin/mipsel-rs97-linux-uclibc-gcc --sysroot=/opt/rs97/mipsel-rs97-linux-uclibc/sysroot -D_LARGEFILE_SOURCE -D_LARGEFILE64_SOURCE -D_FILE_OFFSET_BITS=64 -Os -DCHECK_FUNCTION_EXISTS=poll  -DNDEBUG    -rdynamic CMakeFiles/cmTC_2cf71.dir/CheckFunctionExists.c.o  -o cmTC_2cf71 
make[1]: Leaving directory '/home/steward/Data/Github/rs97_src/cdogs/gcw0build/CMakeFiles/CMakeTmp'


Determining if the function inet_pton exists passed with the following output:
Change Dir: /home/steward/Data/Github/rs97_src/cdogs/gcw0build/CMakeFiles/CMakeTmp

Run Build Command:"/usr/bin/make" "cmTC_19089/fast"
/usr/bin/make -f CMakeFiles/cmTC_19089.dir/build.make CMakeFiles/cmTC_19089.dir/build
make[1]: Entering directory '/home/steward/Data/Github/rs97_src/cdogs/gcw0build/CMakeFiles/CMakeTmp'
Building C object CMakeFiles/cmTC_19089.dir/CheckFunctionExists.c.o
/opt/rs97/bin/mipsel-rs97-linux-uclibc-gcc --sysroot=/opt/rs97/mipsel-rs97-linux-uclibc/sysroot   -D_LARGEFILE_SOURCE -D_LARGEFILE64_SOURCE -D_FILE_OFFSET_BITS=64 -Os -DCHECK_FUNCTION_EXISTS=inet_pton  -DNDEBUG   -o CMakeFiles/cmTC_19089.dir/CheckFunctionExists.c.o   -c /opt/rs97/share/cmake-3.8/Modules/CheckFunctionExists.c
Linking C executable cmTC_19089
/opt/rs97/bin/cmake -E cmake_link_script CMakeFiles/cmTC_19089.dir/link.txt --verbose=1
/opt/rs97/bin/mipsel-rs97-linux-uclibc-gcc --sysroot=/opt/rs97/mipsel-rs97-linux-uclibc/sysroot -D_LARGEFILE_SOURCE -D_LARGEFILE64_SOURCE -D_FILE_OFFSET_BITS=64 -Os -DCHECK_FUNCTION_EXISTS=inet_pton  -DNDEBUG    -rdynamic CMakeFiles/cmTC_19089.dir/CheckFunctionExists.c.o  -o cmTC_19089 
make[1]: Leaving directory '/home/steward/Data/Github/rs97_src/cdogs/gcw0build/CMakeFiles/CMakeTmp'


Determining if the function inet_ntop exists passed with the following output:
Change Dir: /home/steward/Data/Github/rs97_src/cdogs/gcw0build/CMakeFiles/CMakeTmp

Run Build Command:"/usr/bin/make" "cmTC_22fad/fast"
/usr/bin/make -f CMakeFiles/cmTC_22fad.dir/build.make CMakeFiles/cmTC_22fad.dir/build
make[1]: Entering directory '/home/steward/Data/Github/rs97_src/cdogs/gcw0build/CMakeFiles/CMakeTmp'
Building C object CMakeFiles/cmTC_22fad.dir/CheckFunctionExists.c.o
/opt/rs97/bin/mipsel-rs97-linux-uclibc-gcc --sysroot=/opt/rs97/mipsel-rs97-linux-uclibc/sysroot   -D_LARGEFILE_SOURCE -D_LARGEFILE64_SOURCE -D_FILE_OFFSET_BITS=64 -Os -DCHECK_FUNCTION_EXISTS=inet_ntop  -DNDEBUG   -o CMakeFiles/cmTC_22fad.dir/CheckFunctionExists.c.o   -c /opt/rs97/share/cmake-3.8/Modules/CheckFunctionExists.c
Linking C executable cmTC_22fad
/opt/rs97/bin/cmake -E cmake_link_script CMakeFiles/cmTC_22fad.dir/link.txt --verbose=1
/opt/rs97/bin/mipsel-rs97-linux-uclibc-gcc --sysroot=/opt/rs97/mipsel-rs97-linux-uclibc/sysroot -D_LARGEFILE_SOURCE -D_LARGEFILE64_SOURCE -D_FILE_OFFSET_BITS=64 -Os -DCHECK_FUNCTION_EXISTS=inet_ntop  -DNDEBUG    -rdynamic CMakeFiles/cmTC_22fad.dir/CheckFunctionExists.c.o  -o cmTC_22fad 
make[1]: Leaving directory '/home/steward/Data/Github/rs97_src/cdogs/gcw0build/CMakeFiles/CMakeTmp'


Performing C SOURCE FILE Test HAS_MSGHDR_FLAGS succeeded with the following output:
Change Dir: /home/steward/Data/Github/rs97_src/cdogs/gcw0build/CMakeFiles/CMakeTmp

Run Build Command:"/usr/bin/make" "cmTC_2f046/fast"
/usr/bin/make -f CMakeFiles/cmTC_2f046.dir/build.make CMakeFiles/cmTC_2f046.dir/build
make[1]: Entering directory '/home/steward/Data/Github/rs97_src/cdogs/gcw0build/CMakeFiles/CMakeTmp'
Building C object CMakeFiles/cmTC_2f046.dir/src.c.o
/opt/rs97/bin/mipsel-rs97-linux-uclibc-gcc --sysroot=/opt/rs97/mipsel-rs97-linux-uclibc/sysroot   -D_LARGEFILE_SOURCE -D_LARGEFILE64_SOURCE -D_FILE_OFFSET_BITS=64 -Os -DHAS_MSGHDR_FLAGS  -DNDEBUG   -o CMakeFiles/cmTC_2f046.dir/src.c.o   -c /home/steward/Data/Github/rs97_src/cdogs/gcw0build/CMakeFiles/CMakeTmp/src.c
Linking C executable cmTC_2f046
/opt/rs97/bin/cmake -E cmake_link_script CMakeFiles/cmTC_2f046.dir/link.txt --verbose=1
/opt/rs97/bin/mipsel-rs97-linux-uclibc-gcc --sysroot=/opt/rs97/mipsel-rs97-linux-uclibc/sysroot -D_LARGEFILE_SOURCE -D_LARGEFILE64_SOURCE -D_FILE_OFFSET_BITS=64 -Os -DHAS_MSGHDR_FLAGS  -DNDEBUG    -rdynamic CMakeFiles/cmTC_2f046.dir/src.c.o  -o cmTC_2f046 
make[1]: Leaving directory '/home/steward/Data/Github/rs97_src/cdogs/gcw0build/CMakeFiles/CMakeTmp'

Source file was:

#include <sys/types.h>
#include <sys/socket.h>

int main()
{
   (void)sizeof(((struct msghdr *)0)->msg_flags);
   return 0;
}

Determining size of socklen_t passed with the following output:
Change Dir: /home/steward/Data/Github/rs97_src/cdogs/gcw0build/CMakeFiles/CMakeTmp

Run Build Command:"/usr/bin/make" "cmTC_1c5c9/fast"
/usr/bin/make -f CMakeFiles/cmTC_1c5c9.dir/build.make CMakeFiles/cmTC_1c5c9.dir/build
make[1]: Entering directory '/home/steward/Data/Github/rs97_src/cdogs/gcw0build/CMakeFiles/CMakeTmp'
Building C object CMakeFiles/cmTC_1c5c9.dir/HAS_SOCKLEN_T.c.o
/opt/rs97/bin/mipsel-rs97-linux-uclibc-gcc --sysroot=/opt/rs97/mipsel-rs97-linux-uclibc/sysroot   -D_LARGEFILE_SOURCE -D_LARGEFILE64_SOURCE -D_FILE_OFFSET_BITS=64 -Os   -DNDEBUG   -o CMakeFiles/cmTC_1c5c9.dir/HAS_SOCKLEN_T.c.o   -c /home/steward/Data/Github/rs97_src/cdogs/gcw0build/CMakeFiles/CheckTypeSize/HAS_SOCKLEN_T.c
Linking C executable cmTC_1c5c9
/opt/rs97/bin/cmake -E cmake_link_script CMakeFiles/cmTC_1c5c9.dir/link.txt --verbose=1
/opt/rs97/bin/mipsel-rs97-linux-uclibc-gcc --sysroot=/opt/rs97/mipsel-rs97-linux-uclibc/sysroot -D_LARGEFILE_SOURCE -D_LARGEFILE64_SOURCE -D_FILE_OFFSET_BITS=64 -Os   -DNDEBUG    -rdynamic CMakeFiles/cmTC_1c5c9.dir/HAS_SOCKLEN_T.c.o  -o cmTC_1c5c9 
make[1]: Leaving directory '/home/steward/Data/Github/rs97_src/cdogs/gcw0build/CMakeFiles/CMakeTmp'


