This file contains any messages produced by compilers while
running configure, to aid debugging if configure makes a mistake.

It was created by configure, which was
generated by GNU Autoconf 2.63.  Invocation command line was

  $ ./configure --host=mipsel-linux --build=i686-pc-linux-gnu

## --------- ##
## Platform. ##
## --------- ##

hostname = debian
uname -m = x86_64
uname -r = 4.9.0-6-amd64
uname -s = Linux
uname -v = #1 SMP Debian 4.9.88-1+deb9u1 (2018-05-07)

/usr/bin/uname -p = unknown
/bin/uname -X     = unknown

/bin/arch              = unknown
/usr/bin/arch -k       = unknown
/usr/convex/getsysinfo = unknown
/usr/bin/hostinfo      = unknown
/bin/machine           = unknown
/usr/bin/oslevel       = unknown
/bin/universe          = unknown

PATH: /usr/local/bin
PATH: /usr/bin
PATH: /bin
PATH: /usr/local/games
PATH: /usr/games
PATH: /opt/rs97/bin/
PATH: /opt/rs97/bin


## ----------- ##
## Core tests. ##
## ----------- ##

configure:1774: checking for mipsel-linux-gcc
configure:1801: result: mipsel-linux-gcc
configure:2073: checking for C compiler version
configure:2081: mipsel-linux-gcc --version >&5
mipsel-linux-gcc.br_real (Buildroot 2018.02.9) 7.3.0
Copyright (C) 2017 Free Software Foundation, Inc.
This is free software; see the source for copying conditions.  There is NO
warranty; not even for MERCHANTABILITY or FITNESS FOR A PARTICULAR PURPOSE.

configure:2085: $? = 0
configure:2092: mipsel-linux-gcc -v >&5
Using built-in specs.
COLLECT_GCC=/opt/rs97/bin/mipsel-linux-gcc.br_real
COLLECT_LTO_WRAPPER=/opt/rs97/libexec/gcc/mipsel-rs97-linux-uclibc/7.3.0/lto-wrapper
Target: mipsel-rs97-linux-uclibc
Configured with: ./configure --prefix=/opt/rs97 --sysconfdir=/opt/rs97/etc --enable-static --target=mipsel-rs97-linux-uclibc --with-sysroot=/opt/rs97/mipsel-rs97-linux-uclibc/sysroot --disable-__cxa_atexit --with-gnu-ld --disable-libssp --disable-multilib --with-gmp=/opt/rs97 --with-mpc=/opt/rs97 --with-mpfr=/opt/rs97 --with-pkgversion='Buildroot 2018.02.9' --with-bugurl=http://bugs.buildroot.net/ --disable-libquadmath --disable-libsanitizer --enable-tls --enable-plugins --enable-lto --disable-libmudflap --enable-threads --without-isl --without-cloog --with-float=soft --disable-decimal-float --with-arch=mips32 --with-abi=32 --with-nan=legacy --enable-languages=c,c++ --with-build-time-tools=/opt/rs97/mipsel-rs97-linux-uclibc/bin --enable-shared --disable-libgomp
Thread model: posix
gcc version 7.3.0 (Buildroot 2018.02.9) 
configure:2096: $? = 0
configure:2103: mipsel-linux-gcc -V >&5
mipsel-linux-gcc.br_real: error: unrecognized command line option '-V'
mipsel-linux-gcc.br_real: fatal error: no input files
compilation terminated.
configure:2107: $? = 1
configure:2130: checking for C compiler default output file name
configure:2152: mipsel-linux-gcc -I/opt/rs97/mipsel-rs97-linux-uclibc/sysroot/usr/include/SDL   conftest.c  >&5
configure:2156: $? = 0
configure:2194: result: a.out
configure:2213: checking whether the C compiler works
configure:2246: result: yes
configure:2253: checking whether we are cross compiling
configure:2255: result: yes
configure:2258: checking for suffix of executables
configure:2265: mipsel-linux-gcc -o conftest -I/opt/rs97/mipsel-rs97-linux-uclibc/sysroot/usr/include/SDL   conftest.c  >&5
configure:2269: $? = 0
configure:2295: result: 
configure:2301: checking for suffix of object files
configure:2327: mipsel-linux-gcc -c -I/opt/rs97/mipsel-rs97-linux-uclibc/sysroot/usr/include/SDL  conftest.c >&5
configure:2331: $? = 0
configure:2356: result: o
configure:2360: checking whether we are using the GNU C compiler
configure:2389: mipsel-linux-gcc -c -I/opt/rs97/mipsel-rs97-linux-uclibc/sysroot/usr/include/SDL  conftest.c >&5
configure:2396: $? = 0
configure:2413: result: yes
configure:2422: checking whether mipsel-linux-gcc accepts -g
configure:2452: mipsel-linux-gcc -c -g  conftest.c >&5
configure:2459: $? = 0
configure:2560: result: yes
configure:2577: checking for mipsel-linux-gcc option to accept ISO C89
configure:2651: mipsel-linux-gcc  -c -I/opt/rs97/mipsel-rs97-linux-uclibc/sysroot/usr/include/SDL  conftest.c >&5
configure:2658: $? = 0
configure:2681: result: none needed
configure:2744: checking for a BSD-compatible install
configure:2812: result: /usr/bin/install -c
configure:2827: checking for sdl-config
configure:2858: result: /opt/rs97/mipsel-rs97-linux-uclibc/sysroot/usr/bin/sdl-config
configure:2879: checking for IMG_LoadPNG_RW in -lSDL_image
configure:2914: mipsel-linux-gcc -o conftest -I/opt/rs97/mipsel-rs97-linux-uclibc/sysroot/usr/include/SDL -I/usr/include/SDL -D_GNU_SOURCE=1 -D_REENTRANT   -L/usr/lib/x86_64-linux-gnu -lSDL conftest.c -lSDL_image   >&5
mipsel-linux-gcc: WARNING: unsafe header/library path used in cross-compilation: '-I/usr/include/SDL'
mipsel-linux-gcc: WARNING: unsafe header/library path used in cross-compilation: '-L/usr/lib/x86_64-linux-gnu'
/opt/rs97/lib/gcc/mipsel-rs97-linux-uclibc/7.3.0/../../../../mipsel-rs97-linux-uclibc/bin/ld: warning: library search path "/usr/lib/x86_64-linux-gnu" is unsafe for cross-compilation
/opt/rs97/lib/gcc/mipsel-rs97-linux-uclibc/7.3.0/../../../../mipsel-rs97-linux-uclibc/bin/ld: skipping incompatible /usr/lib/x86_64-linux-gnu/libSDL.so when searching for -lSDL
/opt/rs97/lib/gcc/mipsel-rs97-linux-uclibc/7.3.0/../../../../mipsel-rs97-linux-uclibc/bin/ld: skipping incompatible /usr/lib/x86_64-linux-gnu/libSDL.a when searching for -lSDL
/opt/rs97/lib/gcc/mipsel-rs97-linux-uclibc/7.3.0/../../../../mipsel-rs97-linux-uclibc/bin/ld: skipping incompatible /usr/lib/x86_64-linux-gnu/libc.so when searching for -lc
/opt/rs97/lib/gcc/mipsel-rs97-linux-uclibc/7.3.0/../../../../mipsel-rs97-linux-uclibc/bin/ld: skipping incompatible /usr/lib/x86_64-linux-gnu/libc.a when searching for -lc
/opt/rs97/lib/gcc/mipsel-rs97-linux-uclibc/7.3.0/../../../../mipsel-rs97-linux-uclibc/bin/ld: skipping incompatible /usr/lib/x86_64-linux-gnu/libpthread_nonshared.a when searching for libpthread_nonshared.a
configure:2921: $? = 0
configure:2942: result: yes
configure:2991: checking for freetype-config
configure:3022: result: /opt/rs97/bin/freetype-config
configure:3044: checking for initscr in -lncurses
configure:3079: mipsel-linux-gcc -o conftest -I/opt/rs97/mipsel-rs97-linux-uclibc/sysroot/usr/include/SDL -I/usr/include/SDL -D_GNU_SOURCE=1 -D_REENTRANT -I/opt/rs97/bin/../mipsel-rs97-linux-uclibc/sysroot/usr/include/freetype2 -I/opt/rs97/bin/../mipsel-rs97-linux-uclibc/sysroot/usr/include   -L/usr/lib/x86_64-linux-gnu -lSDL conftest.c -lncurses  -lSDL_image  -L/opt/rs97/bin/../mipsel-rs97-linux-uclibc/sysroot/usr/lib -lfreetype >&5
mipsel-linux-gcc: WARNING: unsafe header/library path used in cross-compilation: '-I/usr/include/SDL'
mipsel-linux-gcc: WARNING: unsafe header/library path used in cross-compilation: '-L/usr/lib/x86_64-linux-gnu'
/opt/rs97/lib/gcc/mipsel-rs97-linux-uclibc/7.3.0/../../../../mipsel-rs97-linux-uclibc/bin/ld: warning: library search path "/usr/lib/x86_64-linux-gnu" is unsafe for cross-compilation
/opt/rs97/lib/gcc/mipsel-rs97-linux-uclibc/7.3.0/../../../../mipsel-rs97-linux-uclibc/bin/ld: skipping incompatible /usr/lib/x86_64-linux-gnu/libSDL.so when searching for -lSDL
/opt/rs97/lib/gcc/mipsel-rs97-linux-uclibc/7.3.0/../../../../mipsel-rs97-linux-uclibc/bin/ld: skipping incompatible /usr/lib/x86_64-linux-gnu/libSDL.a when searching for -lSDL
/opt/rs97/lib/gcc/mipsel-rs97-linux-uclibc/7.3.0/../../../../mipsel-rs97-linux-uclibc/bin/ld: cannot find libncurses.so.5
/opt/rs97/lib/gcc/mipsel-rs97-linux-uclibc/7.3.0/../../../../mipsel-rs97-linux-uclibc/bin/ld: skipping incompatible /usr/lib/x86_64-linux-gnu/libtinfo.so when searching for -ltinfo
/opt/rs97/lib/gcc/mipsel-rs97-linux-uclibc/7.3.0/../../../../mipsel-rs97-linux-uclibc/bin/ld: skipping incompatible /usr/lib/x86_64-linux-gnu/libtinfo.a when searching for -ltinfo
/opt/rs97/lib/gcc/mipsel-rs97-linux-uclibc/7.3.0/../../../../mipsel-rs97-linux-uclibc/bin/ld: cannot find -ltinfo
/opt/rs97/lib/gcc/mipsel-rs97-linux-uclibc/7.3.0/../../../../mipsel-rs97-linux-uclibc/bin/ld: skipping incompatible /usr/lib/x86_64-linux-gnu/libfreetype.so when searching for -lfreetype
/opt/rs97/lib/gcc/mipsel-rs97-linux-uclibc/7.3.0/../../../../mipsel-rs97-linux-uclibc/bin/ld: skipping incompatible /usr/lib/x86_64-linux-gnu/libfreetype.a when searching for -lfreetype
collect2: error: ld returned 1 exit status
configure:3086: $? = 1
configure: failed program was:
| /* confdefs.h.  */
| #define PACKAGE_NAME ""
| #define PACKAGE_TARNAME ""
| #define PACKAGE_VERSION ""
| #define PACKAGE_STRING ""
| #define PACKAGE_BUGREPORT ""
| #define HAVE_LIBSDL_IMAGE 1
| /* end confdefs.h.  */
| 
| /* Override any GCC internal prototype to avoid an error.
|    Use char because int might match the return type of a GCC
|    builtin and then its argument prototype would still apply.  */
| #ifdef __cplusplus
| extern "C"
| #endif
| char initscr ();
| int
| main ()
| {
| return initscr ();
|   ;
|   return 0;
| }
configure:3107: result: no
configure:3121: checking for initscr in -lcurses
configure:3156: mipsel-linux-gcc -o conftest -I/opt/rs97/mipsel-rs97-linux-uclibc/sysroot/usr/include/SDL -I/usr/include/SDL -D_GNU_SOURCE=1 -D_REENTRANT -I/opt/rs97/bin/../mipsel-rs97-linux-uclibc/sysroot/usr/include/freetype2 -I/opt/rs97/bin/../mipsel-rs97-linux-uclibc/sysroot/usr/include   -L/usr/lib/x86_64-linux-gnu -lSDL conftest.c -lcurses  -lSDL_image  -L/opt/rs97/bin/../mipsel-rs97-linux-uclibc/sysroot/usr/lib -lfreetype >&5
mipsel-linux-gcc: WARNING: unsafe header/library path used in cross-compilation: '-I/usr/include/SDL'
mipsel-linux-gcc: WARNING: unsafe header/library path used in cross-compilation: '-L/usr/lib/x86_64-linux-gnu'
/opt/rs97/lib/gcc/mipsel-rs97-linux-uclibc/7.3.0/../../../../mipsel-rs97-linux-uclibc/bin/ld: warning: library search path "/usr/lib/x86_64-linux-gnu" is unsafe for cross-compilation
/opt/rs97/lib/gcc/mipsel-rs97-linux-uclibc/7.3.0/../../../../mipsel-rs97-linux-uclibc/bin/ld: skipping incompatible /usr/lib/x86_64-linux-gnu/libSDL.so when searching for -lSDL
/opt/rs97/lib/gcc/mipsel-rs97-linux-uclibc/7.3.0/../../../../mipsel-rs97-linux-uclibc/bin/ld: skipping incompatible /usr/lib/x86_64-linux-gnu/libSDL.a when searching for -lSDL
/opt/rs97/lib/gcc/mipsel-rs97-linux-uclibc/7.3.0/../../../../mipsel-rs97-linux-uclibc/bin/ld: cannot find libncurses.so.5
/opt/rs97/lib/gcc/mipsel-rs97-linux-uclibc/7.3.0/../../../../mipsel-rs97-linux-uclibc/bin/ld: skipping incompatible /usr/lib/x86_64-linux-gnu/libtinfo.so when searching for -ltinfo
/opt/rs97/lib/gcc/mipsel-rs97-linux-uclibc/7.3.0/../../../../mipsel-rs97-linux-uclibc/bin/ld: skipping incompatible /usr/lib/x86_64-linux-gnu/libtinfo.a when searching for -ltinfo
/opt/rs97/lib/gcc/mipsel-rs97-linux-uclibc/7.3.0/../../../../mipsel-rs97-linux-uclibc/bin/ld: cannot find -ltinfo
/opt/rs97/lib/gcc/mipsel-rs97-linux-uclibc/7.3.0/../../../../mipsel-rs97-linux-uclibc/bin/ld: skipping incompatible /usr/lib/x86_64-linux-gnu/libfreetype.so when searching for -lfreetype
/opt/rs97/lib/gcc/mipsel-rs97-linux-uclibc/7.3.0/../../../../mipsel-rs97-linux-uclibc/bin/ld: skipping incompatible /usr/lib/x86_64-linux-gnu/libfreetype.a when searching for -lfreetype
collect2: error: ld returned 1 exit status
configure:3163: $? = 1
configure: failed program was:
| /* confdefs.h.  */
| #define PACKAGE_NAME ""
| #define PACKAGE_TARNAME ""
| #define PACKAGE_VERSION ""
| #define PACKAGE_STRING ""
| #define PACKAGE_BUGREPORT ""
| #define HAVE_LIBSDL_IMAGE 1
| /* end confdefs.h.  */
| 
| /* Override any GCC internal prototype to avoid an error.
|    Use char because int might match the return type of a GCC
|    builtin and then its argument prototype would still apply.  */
| #ifdef __cplusplus
| extern "C"
| #endif
| char initscr ();
| int
| main ()
| {
| return initscr ();
|   ;
|   return 0;
| }
configure:3184: result: no
configure:3200: error: *** Unable to find curses / ncurses library
configure:3207: checking for library containing gettext
configure:3248: mipsel-linux-gcc -o conftest -I/opt/rs97/mipsel-rs97-linux-uclibc/sysroot/usr/include/SDL -I/usr/include/SDL -D_GNU_SOURCE=1 -D_REENTRANT -I/opt/rs97/bin/../mipsel-rs97-linux-uclibc/sysroot/usr/include/freetype2 -I/opt/rs97/bin/../mipsel-rs97-linux-uclibc/sysroot/usr/include   -L/usr/lib/x86_64-linux-gnu -lSDL conftest.c -lSDL_image  -L/opt/rs97/bin/../mipsel-rs97-linux-uclibc/sysroot/usr/lib -lfreetype >&5
mipsel-linux-gcc: WARNING: unsafe header/library path used in cross-compilation: '-I/usr/include/SDL'
mipsel-linux-gcc: WARNING: unsafe header/library path used in cross-compilation: '-L/usr/lib/x86_64-linux-gnu'
conftest.c:16:6: warning: conflicting types for built-in function 'gettext' [-Wbuiltin-declaration-mismatch]
 char gettext ();
      ^~~~~~~
/opt/rs97/lib/gcc/mipsel-rs97-linux-uclibc/7.3.0/../../../../mipsel-rs97-linux-uclibc/bin/ld: warning: library search path "/usr/lib/x86_64-linux-gnu" is unsafe for cross-compilation
/opt/rs97/lib/gcc/mipsel-rs97-linux-uclibc/7.3.0/../../../../mipsel-rs97-linux-uclibc/bin/ld: skipping incompatible /usr/lib/x86_64-linux-gnu/libSDL.so when searching for -lSDL
/opt/rs97/lib/gcc/mipsel-rs97-linux-uclibc/7.3.0/../../../../mipsel-rs97-linux-uclibc/bin/ld: skipping incompatible /usr/lib/x86_64-linux-gnu/libSDL.a when searching for -lSDL
/opt/rs97/lib/gcc/mipsel-rs97-linux-uclibc/7.3.0/../../../../mipsel-rs97-linux-uclibc/bin/ld: skipping incompatible /usr/lib/x86_64-linux-gnu/libfreetype.so when searching for -lfreetype
/opt/rs97/lib/gcc/mipsel-rs97-linux-uclibc/7.3.0/../../../../mipsel-rs97-linux-uclibc/bin/ld: skipping incompatible /usr/lib/x86_64-linux-gnu/libfreetype.a when searching for -lfreetype
/opt/rs97/lib/gcc/mipsel-rs97-linux-uclibc/7.3.0/../../../../mipsel-rs97-linux-uclibc/bin/ld: skipping incompatible /usr/lib/x86_64-linux-gnu/libc.so when searching for -lc
/opt/rs97/lib/gcc/mipsel-rs97-linux-uclibc/7.3.0/../../../../mipsel-rs97-linux-uclibc/bin/ld: skipping incompatible /usr/lib/x86_64-linux-gnu/libc.a when searching for -lc
/opt/rs97/lib/gcc/mipsel-rs97-linux-uclibc/7.3.0/../../../../mipsel-rs97-linux-uclibc/bin/ld: skipping incompatible /usr/lib/x86_64-linux-gnu/libpthread_nonshared.a when searching for libpthread_nonshared.a
configure:3255: $? = 0
configure:3286: result: none required
configure:3458: creating ./config.status

## ---------------------- ##
## Running config.status. ##
## ---------------------- ##

This file was extended by config.status, which was
generated by GNU Autoconf 2.63.  Invocation command line was

  CONFIG_FILES    = 
  CONFIG_HEADERS  = 
  CONFIG_LINKS    = 
  CONFIG_COMMANDS = 
  $ ./config.status 

on debian

config.status:651: creating Makefile

## ---------------- ##
## Cache variables. ##
## ---------------- ##

ac_cv_c_compiler_gnu=yes
ac_cv_env_CC_set=set
ac_cv_env_CC_value=mipsel-linux-gcc
ac_cv_env_CFLAGS_set=set
ac_cv_env_CFLAGS_value=-I/opt/rs97/mipsel-rs97-linux-uclibc/sysroot/usr/include/SDL
ac_cv_env_CPPFLAGS_set=
ac_cv_env_CPPFLAGS_value=
ac_cv_env_LDFLAGS_set=
ac_cv_env_LDFLAGS_value=
ac_cv_env_LIBS_set=
ac_cv_env_LIBS_value=
ac_cv_env_build_alias_set=set
ac_cv_env_build_alias_value=i686-pc-linux-gnu
ac_cv_env_host_alias_set=set
ac_cv_env_host_alias_value=mipsel-linux
ac_cv_env_target_alias_set=
ac_cv_env_target_alias_value=
ac_cv_lib_SDL_image_IMG_LoadPNG_RW=yes
ac_cv_lib_curses_initscr=no
ac_cv_lib_ncurses_initscr=no
ac_cv_objext=o
ac_cv_path_FREETYPE_CONFIG=/opt/rs97/bin/freetype-config
ac_cv_path_SDLCONFIG=/opt/rs97/mipsel-rs97-linux-uclibc/sysroot/usr/bin/sdl-config
ac_cv_path_install='/usr/bin/install -c'
ac_cv_prog_CC=mipsel-linux-gcc
ac_cv_prog_cc_c89=
ac_cv_prog_cc_g=yes
ac_cv_search_gettext='none required'

## ----------------- ##
## Output variables. ##
## ----------------- ##

CC='mipsel-linux-gcc'
CFLAGS='-I/opt/rs97/mipsel-rs97-linux-uclibc/sysroot/usr/include/SDL -I/usr/include/SDL -D_GNU_SOURCE=1 -D_REENTRANT -I/opt/rs97/bin/../mipsel-rs97-linux-uclibc/sysroot/usr/include/freetype2 -I/opt/rs97/bin/../mipsel-rs97-linux-uclibc/sysroot/usr/include'
CPPFLAGS=''
CURSES=''
DEFS='-DPACKAGE_NAME=\"\" -DPACKAGE_TARNAME=\"\" -DPACKAGE_VERSION=\"\" -DPACKAGE_STRING=\"\" -DPACKAGE_BUGREPORT=\"\" -DHAVE_LIBSDL_IMAGE=1'
ECHO_C=''
ECHO_N='-n'
ECHO_T=''
EXEEXT=''
FREETYPE_CONFIG='/opt/rs97/bin/freetype-config'
INSTALL_DATA='${INSTALL} -m 644'
INSTALL_PROGRAM='${INSTALL}'
INSTALL_SCRIPT='${INSTALL}'
LDFLAGS=' -L/usr/lib/x86_64-linux-gnu -lSDL'
LIBOBJS=''
LIBS='-lSDL_image  -L/opt/rs97/bin/../mipsel-rs97-linux-uclibc/sysroot/usr/lib -lfreetype'
LTLIBOBJS=''
OBJEXT='o'
PACKAGE_BUGREPORT=''
PACKAGE_NAME=''
PACKAGE_STRING=''
PACKAGE_TARNAME=''
PACKAGE_VERSION=''
PATH_SEPARATOR=':'
SDLCONFIG='/opt/rs97/mipsel-rs97-linux-uclibc/sysroot/usr/bin/sdl-config'
SHELL='/bin/bash'
TARGETS=' chroma-sdl chroma-curses'
TARGETSCLEAN=' clean-sdl clean-curses'
TARGETSINSTALL=' install-sdl install-curses'
ac_ct_CC=''
bindir='${exec_prefix}/bin'
build_alias='i686-pc-linux-gnu'
datadir='${datarootdir}'
datarootdir='${prefix}/share'
docdir='${datarootdir}/doc/${PACKAGE}'
dvidir='${docdir}'
exec_prefix='${prefix}'
host_alias='mipsel-linux'
htmldir='${docdir}'
includedir='${prefix}/include'
infodir='${datarootdir}/info'
libdir='${exec_prefix}/lib'
libexecdir='${exec_prefix}/libexec'
localedir='${datarootdir}/locale'
localstatedir='${prefix}/var'
mandir='${datarootdir}/man'
oldincludedir='/usr/include'
pdfdir='${docdir}'
prefix='/usr/local'
program_transform_name='s,x,x,'
psdir='${docdir}'
sbindir='${exec_prefix}/sbin'
sharedstatedir='${prefix}/com'
sysconfdir='${prefix}/etc'
target_alias=''

## ----------- ##
## confdefs.h. ##
## ----------- ##

#define PACKAGE_NAME ""
#define PACKAGE_TARNAME ""
#define PACKAGE_VERSION ""
#define PACKAGE_STRING ""
#define PACKAGE_BUGREPORT ""
#define HAVE_LIBSDL_IMAGE 1

configure: exit 0
